tests/unit/test_bulk_loader.py:18: error: Function is missing a return type annotation  [no-untyped-def]
tests/unit/test_bulk_loader.py:31: error: Function is missing a return type annotation  [no-untyped-def]
tests/unit/test_bulk_loader.py:39: error: Function is missing a type annotation for one or more arguments  [no-untyped-def]
tests/unit/test_bulk_loader.py:93: error: Function is missing a type annotation for one or more arguments  [no-untyped-def]
tests/unit/test_bulk_loader.py:116: error: Function is missing a return type annotation  [no-untyped-def]
tests/unit/test_bulk_loader.py:124: error: Function is missing a type annotation for one or more arguments  [no-untyped-def]
tests/unit/test_bulk_loader.py:158: error: Function is missing a type annotation for one or more arguments  [no-untyped-def]
tests/unit/test_bulk_loader.py:181: error: Function is missing a type annotation for one or more arguments  [no-untyped-def]
tests/unit/test_bulk_loader.py:258: error: Function is missing a type annotation for one or more arguments  [no-untyped-def]
tests/unit/test_bulk_loader.py:308: error: Function is missing a type annotation for one or more arguments  [no-untyped-def]
tests/unit/test_bulk_loader.py:325: error: Argument 3 to "OperationalError" has incompatible type "None"; expected "BaseException"  [arg-type]
tests/unit/test_bulk_loader.py:336: error: Function is missing a type annotation for one or more arguments  [no-untyped-def]
tests/unit/test_bulk_loader.py:358: error: Function is missing a type annotation for one or more arguments  [no-untyped-def]
tests/unit/test_bulk_loader.py:376: error: "BulkLoaderMetrics" has no attribute "errors"  [attr-defined]
tests/unit/test_bulk_loader.py:379: error: Function is missing a type annotation for one or more arguments  [no-untyped-def]
tests/unit/test_bulk_loader.py:401: error: Function is missing a type annotation for one or more arguments  [no-untyped-def]
tests/unit/test_bulk_loader.py:422: error: Function is missing a type annotation for one or more arguments  [no-untyped-def]
tests/unit/test_bulk_loader.py:443: error: Function is missing a type annotation for one or more arguments  [no-untyped-def]
Found 18 errors in 1 file (checked 1 source file)
