{"meta": {"format": 3, "version": "7.10.6", "timestamp": "2025-10-18T18:33:18.380420", "branch_coverage": false, "show_contexts": false}, "files": {"cowrieprocessor/__init__.py": {"executed_lines": [1, 3, 5, 8], "summary": {"covered_lines": 3, "num_statements": 7, "percent_covered": 42.857142857142854, "percent_covered_display": "43", "missing_lines": 4, "excluded_lines": 0}, "missing_lines": [10, 11, 12, 13], "excluded_lines": [], "functions": {"get_version": {"executed_lines": [], "summary": {"covered_lines": 0, "num_statements": 4, "percent_covered": 0.0, "percent_covered_display": "0", "missing_lines": 4, "excluded_lines": 0}, "missing_lines": [10, 11, 12, 13], "excluded_lines": []}, "": {"executed_lines": [1, 3, 5, 8], "summary": {"covered_lines": 3, "num_statements": 3, "percent_covered": 100.0, "percent_covered_display": "100", "missing_lines": 0, "excluded_lines": 0}, "missing_lines": [], "excluded_lines": []}}, "classes": {"": {"executed_lines": [1, 3, 5, 8], "summary": {"covered_lines": 3, "num_statements": 7, "percent_covered": 42.857142857142854, "percent_covered_display": "43", "missing_lines": 4, "excluded_lines": 0}, "missing_lines": [10, 11, 12, 13], "excluded_lines": []}}}, "cowrieprocessor/cli/__init__.py": {"executed_lines": [1, 3, 5], "summary": {"covered_lines": 2, "num_statements": 2, "percent_covered": 100.0, "percent_covered_display": "100", "missing_lines": 0, "excluded_lines": 0}, "missing_lines": [], "excluded_lines": [], "functions": {"": {"executed_lines": [1, 3, 5], "summary": {"covered_lines": 2, "num_statements": 2, "percent_covered": 100.0, "percent_covered_display": "100", "missing_lines": 0, "excluded_lines": 0}, "missing_lines": [], "excluded_lines": []}}, "classes": {"": {"executed_lines": [1, 3, 5], "summary": {"covered_lines": 2, "num_statements": 2, "percent_covered": 100.0, "percent_covered_display": "100", "missing_lines": 0, "excluded_lines": 0}, "missing_lines": [], "excluded_lines": []}}}, "cowrieprocessor/cli/analyze.py": {"executed_lines": [], "summary": {"covered_lines": 0, "num_statements": 512, "percent_covered": 0.0, "percent_covered_display": "0", "missing_lines": 512, "excluded_lines": 2}, "missing_lines": [3, 5, 6, 7, 8, 9, 10, 11, 12, 14, 16, 17, 18, 19, 20, 27, 29, 32, 44, 46, 47, 48, 49, 50, 51, 53, 56, 73, 74, 81, 83, 85, 88, 97, 99, 100, 101, 103, 111, 112, 113, 114, 117, 119, 120, 121, 123, 126, 129, 130, 138, 140, 143, 144, 147, 148, 149, 150, 151, 152, 154, 157, 158, 159, 162, 169, 170, 172, 174, 175, 176, 179, 193, 194, 195, 208, 209, 210, 211, 212, 215, 224, 226, 227, 228, 231, 233, 234, 237, 238, 241, 242, 249, 250, 252, 255, 287, 288, 289, 290, 291, 292, 294, 296, 298, 299, 300, 303, 305, 310, 313, 314, 320, 326, 332, 338, 339, 340, 341, 342, 343, 346, 347, 348, 351, 352, 353, 354, 355, 356, 359, 362, 365, 371, 374, 377, 380, 386, 392, 395, 400, 403, 404, 405, 406, 407, 408, 410, 415, 420, 426, 433, 436, 439, 442, 445, 448, 451, 456, 457, 458, 459, 460, 462, 464, 465, 466, 468, 469, 470, 471, 472, 473, 474, 475, 477, 480, 489, 491, 492, 495, 496, 497, 498, 500, 508, 509, 510, 511, 514, 516, 517, 518, 520, 523, 526, 529, 532, 551, 559, 562, 563, 565, 566, 575, 576, 577, 581, 582, 583, 584, 586, 589, 591, 593, 594, 595, 598, 604, 605, 607, 608, 609, 610, 612, 614, 615, 616, 617, 619, 620, 622, 623, 626, 627, 628, 629, 632, 633, 635, 636, 637, 638, 640, 641, 644, 645, 646, 647, 650, 656, 657, 658, 659, 664, 666, 667, 668, 669, 671, 672, 674, 675, 678, 680, 685, 686, 692, 694, 696, 697, 698, 704, 710, 711, 712, 715, 716, 717, 718, 719, 722, 723, 724, 725, 726, 727, 730, 731, 733, 735, 736, 737, 738, 739, 741, 742, 745, 746, 747, 748, 749, 750, 751, 752, 753, 754, 755, 756, 757, 760, 761, 763, 765, 766, 767, 769, 772, 773, 774, 775, 776, 777, 778, 781, 782, 783, 784, 785, 786, 789, 790, 791, 792, 793, 794, 795, 798, 799, 800, 801, 802, 803, 804, 805, 808, 809, 810, 812, 813, 814, 815, 816, 818, 819, 820, 821, 822, 824, 825, 826, 832, 834, 836, 837, 838, 839, 842, 843, 844, 845, 848, 850, 857, 858, 860, 863, 864, 865, 866, 877, 878, 879, 881, 884, 891, 892, 900, 902, 905, 906, 909, 910, 911, 912, 913, 914, 916, 919, 920, 921, 924, 931, 932, 934, 936, 937, 938, 941, 948, 949, 952, 966, 967, 968, 970, 971, 974, 983, 985, 987, 988, 989, 990, 991, 992, 994, 995, 996, 997, 999, 1000, 1001, 1002, 1004, 1005, 1008, 1009, 1010, 1012, 1013, 1014, 1017, 1018, 1020, 1021, 1023, 1024, 1026, 1029, 1030, 1031, 1032, 1034, 1036, 1037, 1038, 1041, 1043, 1044, 1045, 1046, 1047, 1048, 1051, 1053, 1054, 1056, 1057, 1059, 1060, 1063, 1064, 1066, 1067, 1069, 1070, 1072, 1075, 1077, 1078, 1079, 1081, 1083, 1084, 1086, 1088, 1089, 1090, 1093, 1095, 1096, 1098, 1099, 1100, 1101, 1103, 1106, 1118, 1120, 1122, 1125, 1126, 1127, 1128, 1131, 1133, 1147, 1148, 1150, 1151, 1152], "excluded_lines": [1155, 1156], "functions": {"_parse_window_arg": {"executed_lines": [], "summary": {"covered_lines": 0, "num_statements": 8, "percent_covered": 0.0, "percent_covered_display": "0", "missing_lines": 8, "excluded_lines": 0}, "missing_lines": [44, 46, 47, 48, 49, 50, 51, 53], "excluded_lines": []}, "_query_sessions_for_analysis": {"executed_lines": [], "summary": {"covered_lines": 0, "num_statements": 5, "percent_covered": 0.0, "percent_covered_display": "0", "missing_lines": 5, "excluded_lines": 0}, "missing_lines": [73, 74, 81, 83, 85], "excluded_lines": []}, "snowshoe_analyze": {"executed_lines": [], "summary": {"covered_lines": 0, "num_statements": 38, "percent_covered": 0.0, "percent_covered_display": "0", "missing_lines": 38, "excluded_lines": 0}, "missing_lines": [97, 99, 100, 101, 103, 111, 112, 113, 114, 117, 119, 120, 121, 123, 126, 129, 130, 138, 140, 143, 144, 147, 148, 149, 150, 151, 152, 154, 157, 158, 159, 162, 169, 170, 172, 174, 175, 176], "excluded_lines": []}, "_store_detection_result": {"executed_lines": [], "summary": {"covered_lines": 0, "num_statements": 8, "percent_covered": 0.0, "percent_covered_display": "0", "missing_lines": 8, "excluded_lines": 0}, "missing_lines": [193, 194, 195, 208, 209, 210, 211, 212], "excluded_lines": []}, "snowshoe_report": {"executed_lines": [], "summary": {"covered_lines": 0, "num_statements": 26, "percent_covered": 0.0, "percent_covered_display": "0", "missing_lines": 26, "excluded_lines": 0}, "missing_lines": [224, 226, 227, 228, 231, 233, 234, 237, 238, 241, 242, 249, 250, 252, 255, 287, 288, 289, 290, 291, 292, 294, 296, 298, 299, 300], "excluded_lines": []}, "main": {"executed_lines": [], "summary": {"covered_lines": 0, "num_statements": 68, "percent_covered": 0.0, "percent_covered_display": "0", "missing_lines": 68, "excluded_lines": 0}, "missing_lines": [305, 310, 313, 314, 320, 326, 332, 338, 339, 340, 341, 342, 343, 346, 347, 348, 351, 352, 353, 354, 355, 356, 359, 362, 365, 371, 374, 377, 380, 386, 392, 395, 400, 403, 404, 405, 406, 407, 408, 410, 415, 420, 426, 433, 436, 439, 442, 445, 448, 451, 456, 457, 458, 459, 460, 462, 464, 465, 466, 468, 469, 470, 471, 472, 473, 474, 475, 477], "excluded_lines": []}, "longtail_analyze": {"executed_lines": [], "summary": {"covered_lines": 0, "num_statements": 40, "percent_covered": 0.0, "percent_covered_display": "0", "missing_lines": 40, "excluded_lines": 0}, "missing_lines": [489, 491, 492, 495, 496, 497, 498, 500, 508, 509, 510, 511, 514, 516, 517, 518, 520, 523, 526, 529, 532, 551, 559, 562, 563, 565, 566, 575, 576, 577, 581, 582, 583, 584, 586, 589, 591, 593, 594, 595], "excluded_lines": []}, "_derive_vocab_path_from_config": {"executed_lines": [], "summary": {"covered_lines": 0, "num_statements": 31, "percent_covered": 0.0, "percent_covered_display": "0", "missing_lines": 31, "excluded_lines": 0}, "missing_lines": [604, 605, 607, 608, 609, 610, 612, 614, 615, 616, 617, 619, 620, 622, 623, 626, 627, 628, 629, 632, 633, 635, 636, 637, 638, 640, 641, 644, 645, 646, 647], "excluded_lines": []}, "_load_memory_config_from_sensors": {"executed_lines": [], "summary": {"covered_lines": 0, "num_statements": 22, "percent_covered": 0.0, "percent_covered_display": "0", "missing_lines": 22, "excluded_lines": 0}, "missing_lines": [656, 657, 658, 659, 664, 666, 667, 668, 669, 671, 672, 674, 675, 678, 680, 685, 686, 692, 694, 696, 697, 698], "excluded_lines": []}, "_print_longtail_summary": {"executed_lines": [], "summary": {"covered_lines": 0, "num_statements": 88, "percent_covered": 0.0, "percent_covered_display": "0", "missing_lines": 88, "excluded_lines": 0}, "missing_lines": [710, 711, 712, 715, 716, 717, 718, 719, 722, 723, 724, 725, 726, 727, 730, 731, 733, 735, 736, 737, 738, 739, 741, 742, 745, 746, 747, 748, 749, 750, 751, 752, 753, 754, 755, 756, 757, 760, 761, 763, 765, 766, 767, 769, 772, 773, 774, 775, 776, 777, 778, 781, 782, 783, 784, 785, 786, 789, 790, 791, 792, 793, 794, 795, 798, 799, 800, 801, 802, 803, 804, 805, 808, 809, 810, 812, 813, 814, 815, 816, 818, 819, 820, 821, 822, 824, 825, 826], "excluded_lines": []}, "_run_botnet_analysis": {"executed_lines": [], "summary": {"covered_lines": 0, "num_statements": 46, "percent_covered": 0.0, "percent_covered_display": "0", "missing_lines": 46, "excluded_lines": 0}, "missing_lines": [834, 836, 837, 838, 839, 842, 843, 844, 845, 848, 850, 857, 858, 860, 863, 864, 865, 866, 877, 878, 879, 881, 884, 891, 892, 900, 902, 905, 906, 909, 910, 911, 912, 913, 914, 916, 919, 920, 921, 924, 931, 932, 934, 936, 937, 938], "excluded_lines": []}, "_store_botnet_detection_result": {"executed_lines": [], "summary": {"covered_lines": 0, "num_statements": 8, "percent_covered": 0.0, "percent_covered_display": "0", "missing_lines": 8, "excluded_lines": 0}, "missing_lines": [948, 949, 952, 966, 967, 968, 970, 971], "excluded_lines": []}, "_run_batch_longtail_analysis": {"executed_lines": [], "summary": {"covered_lines": 0, "num_statements": 39, "percent_covered": 0.0, "percent_covered_display": "0", "missing_lines": 39, "excluded_lines": 0}, "missing_lines": [983, 985, 987, 988, 989, 990, 991, 992, 994, 995, 996, 997, 999, 1000, 1001, 1002, 1004, 1005, 1008, 1009, 1010, 1012, 1013, 1014, 1017, 1018, 1020, 1021, 1023, 1024, 1026, 1029, 1030, 1031, 1032, 1034, 1036, 1037, 1038], "excluded_lines": []}, "_parse_date_range": {"executed_lines": [], "summary": {"covered_lines": 0, "num_statements": 6, "percent_covered": 0.0, "percent_covered_display": "0", "missing_lines": 6, "excluded_lines": 0}, "missing_lines": [1043, 1044, 1045, 1046, 1047, 1048], "excluded_lines": []}, "_parse_quarter": {"executed_lines": [], "summary": {"covered_lines": 0, "num_statements": 13, "percent_covered": 0.0, "percent_covered_display": "0", "missing_lines": 13, "excluded_lines": 0}, "missing_lines": [1053, 1054, 1056, 1057, 1059, 1060, 1063, 1064, 1066, 1067, 1069, 1070, 1072], "excluded_lines": []}, "_parse_month": {"executed_lines": [], "summary": {"covered_lines": 0, "num_statements": 10, "percent_covered": 0.0, "percent_covered_display": "0", "missing_lines": 10, "excluded_lines": 0}, "missing_lines": [1077, 1078, 1079, 1081, 1083, 1084, 1086, 1088, 1089, 1090], "excluded_lines": []}, "_generate_batch_ranges": {"executed_lines": [], "summary": {"covered_lines": 0, "num_statements": 7, "percent_covered": 0.0, "percent_covered_display": "0", "missing_lines": 7, "excluded_lines": 0}, "missing_lines": [1095, 1096, 1098, 1099, 1100, 1101, 1103], "excluded_lines": []}, "_run_single_batch_analysis": {"executed_lines": [], "summary": {"covered_lines": 0, "num_statements": 14, "percent_covered": 0.0, "percent_covered_display": "0", "missing_lines": 14, "excluded_lines": 0}, "missing_lines": [1118, 1120, 1122, 1125, 1126, 1127, 1128, 1131, 1133, 1147, 1148, 1150, 1151, 1152], "excluded_lines": []}, "": {"executed_lines": [], "summary": {"covered_lines": 0, "num_statements": 35, "percent_covered": 0.0, "percent_covered_display": "0", "missing_lines": 35, "excluded_lines": 2}, "missing_lines": [3, 5, 6, 7, 8, 9, 10, 11, 12, 14, 16, 17, 18, 19, 20, 27, 29, 32, 56, 88, 179, 215, 303, 480, 598, 650, 704, 832, 941, 974, 1041, 1051, 1075, 1093, 1106], "excluded_lines": [1155, 1156]}}, "classes": {"": {"executed_lines": [], "summary": {"covered_lines": 0, "num_statements": 512, "percent_covered": 0.0, "percent_covered_display": "0", "missing_lines": 512, "excluded_lines": 2}, "missing_lines": [3, 5, 6, 7, 8, 9, 10, 11, 12, 14, 16, 17, 18, 19, 20, 27, 29, 32, 44, 46, 47, 48, 49, 50, 51, 53, 56, 73, 74, 81, 83, 85, 88, 97, 99, 100, 101, 103, 111, 112, 113, 114, 117, 119, 120, 121, 123, 126, 129, 130, 138, 140, 143, 144, 147, 148, 149, 150, 151, 152, 154, 157, 158, 159, 162, 169, 170, 172, 174, 175, 176, 179, 193, 194, 195, 208, 209, 210, 211, 212, 215, 224, 226, 227, 228, 231, 233, 234, 237, 238, 241, 242, 249, 250, 252, 255, 287, 288, 289, 290, 291, 292, 294, 296, 298, 299, 300, 303, 305, 310, 313, 314, 320, 326, 332, 338, 339, 340, 341, 342, 343, 346, 347, 348, 351, 352, 353, 354, 355, 356, 359, 362, 365, 371, 374, 377, 380, 386, 392, 395, 400, 403, 404, 405, 406, 407, 408, 410, 415, 420, 426, 433, 436, 439, 442, 445, 448, 451, 456, 457, 458, 459, 460, 462, 464, 465, 466, 468, 469, 470, 471, 472, 473, 474, 475, 477, 480, 489, 491, 492, 495, 496, 497, 498, 500, 508, 509, 510, 511, 514, 516, 517, 518, 520, 523, 526, 529, 532, 551, 559, 562, 563, 565, 566, 575, 576, 577, 581, 582, 583, 584, 586, 589, 591, 593, 594, 595, 598, 604, 605, 607, 608, 609, 610, 612, 614, 615, 616, 617, 619, 620, 622, 623, 626, 627, 628, 629, 632, 633, 635, 636, 637, 638, 640, 641, 644, 645, 646, 647, 650, 656, 657, 658, 659, 664, 666, 667, 668, 669, 671, 672, 674, 675, 678, 680, 685, 686, 692, 694, 696, 697, 698, 704, 710, 711, 712, 715, 716, 717, 718, 719, 722, 723, 724, 725, 726, 727, 730, 731, 733, 735, 736, 737, 738, 739, 741, 742, 745, 746, 747, 748, 749, 750, 751, 752, 753, 754, 755, 756, 757, 760, 761, 763, 765, 766, 767, 769, 772, 773, 774, 775, 776, 777, 778, 781, 782, 783, 784, 785, 786, 789, 790, 791, 792, 793, 794, 795, 798, 799, 800, 801, 802, 803, 804, 805, 808, 809, 810, 812, 813, 814, 815, 816, 818, 819, 820, 821, 822, 824, 825, 826, 832, 834, 836, 837, 838, 839, 842, 843, 844, 845, 848, 850, 857, 858, 860, 863, 864, 865, 866, 877, 878, 879, 881, 884, 891, 892, 900, 902, 905, 906, 909, 910, 911, 912, 913, 914, 916, 919, 920, 921, 924, 931, 932, 934, 936, 937, 938, 941, 948, 949, 952, 966, 967, 968, 970, 971, 974, 983, 985, 987, 988, 989, 990, 991, 992, 994, 995, 996, 997, 999, 1000, 1001, 1002, 1004, 1005, 1008, 1009, 1010, 1012, 1013, 1014, 1017, 1018, 1020, 1021, 1023, 1024, 1026, 1029, 1030, 1031, 1032, 1034, 1036, 1037, 1038, 1041, 1043, 1044, 1045, 1046, 1047, 1048, 1051, 1053, 1054, 1056, 1057, 1059, 1060, 1063, 1064, 1066, 1067, 1069, 1070, 1072, 1075, 1077, 1078, 1079, 1081, 1083, 1084, 1086, 1088, 1089, 1090, 1093, 1095, 1096, 1098, 1099, 1100, 1101, 1103, 1106, 1118, 1120, 1122, 1125, 1126, 1127, 1128, 1131, 1133, 1147, 1148, 1150, 1151, 1152], "excluded_lines": [1155, 1156]}}}, "cowrieprocessor/cli/cowrie_db.py": {"executed_lines": [1, 3, 5, 6, 7, 8, 9, 10, 11, 12, 13, 14, 16, 17, 18, 20, 21, 22, 23, 24, 25, 26, 27, 30, 31, 32, 34, 35, 36, 37, 38, 39, 40, 41, 44, 47, 48, 50, 56, 57, 58, 60, 62, 63, 64, 65, 67, 69, 70, 71, 73, 75, 77, 79, 81, 90, 91, 92, 94, 97, 111, 117, 118, 119, 121, 124, 137, 139, 140, 141, 145, 146, 147, 149, 160, 161, 162, 165, 167, 168, 170, 172, 174, 181, 185, 186, 187, 188, 190, 192, 193, 194, 197, 199, 200, 201, 202, 204, 206, 212, 223, 224, 226, 227, 228, 229, 242, 246, 247, 249, 250, 252, 253, 254, 257, 258, 260, 261, 262, 263, 266, 267, 271, 272, 273, 276, 277, 278, 279, 281, 282, 283, 284, 285, 288, 291, 293, 295, 305, 306, 307, 310, 311, 312, 313, 314, 321, 322, 323, 324, 325, 326, 333, 334, 335, 337, 339, 341, 350, 351, 352, 353, 361, 363, 370, 379, 381, 383, 384, 387, 388, 391, 393, 396, 400, 402, 468, 470, 479, 480, 482, 484, 485, 486, 487, 497, 506, 512, 513, 520, 521, 523, 525, 526, 527, 534, 536, 537, 538, 539, 546, 548, 549, 550, 557, 620, 622, 628, 646, 656, 665, 667, 668, 841, 842, 843, 844, 848, 901, 919, 930, 932, 933, 935, 937, 940, 941, 943, 944, 952, 959, 960, 962, 964, 965, 968, 970, 971, 972, 973, 976, 978, 981, 982, 983, 984, 992, 998, 999, 1000, 1002, 1004, 1012, 1013, 1014, 1015, 1016, 1025, 1031, 1040, 1041, 1044, 1065, 1066, 1069, 1070, 1077, 1084, 1085, 1086, 1087, 1089, 1091, 1100, 1103, 1106, 1135, 1137, 1139, 1140, 1142, 1143, 1145, 1146, 1147, 1149, 1150, 1151, 1154, 1155, 1156, 1157, 1158, 1160, 1164, 1170, 1171, 1177, 1179, 1181, 1182, 1184, 1185, 1188, 1191, 1205, 1299, 1300, 1301, 1303, 1318, 1352, 1400, 1426, 1436, 1439, 1485, 1487, 1489, 1490, 1492, 1494, 1495, 1496, 1498, 1505, 1520, 1521, 1522, 1523, 1524, 1525, 1526, 1528, 1542, 1545, 1546, 1549, 1551, 1552, 1562, 1564, 1565, 1800, 1801, 1802, 1804, 1810, 1818, 1819, 1821, 1855, 1856, 1858, 1860, 1932, 1986, 2061, 2084, 2138, 2140, 2142, 2143, 2144, 2171, 2173, 2175, 2176, 2179, 2181, 2182, 2195, 2197, 2199, 2200, 2203, 2204, 2205, 2282, 2284, 2289, 2291, 2294, 2295, 2298, 2303, 2304, 2311, 2312, 2315, 2318, 2319, 2324, 2325, 2330, 2331, 2334, 2339, 2342, 2345, 2348, 2351, 2352, 2355, 2356, 2357, 2360, 2361, 2364, 2367, 2372, 2381, 2386, 2393, 2398, 2401, 2406, 2409, 2412, 2418, 2421, 2426, 2433, 2439, 2446, 2812], "summary": {"covered_lines": 422, "num_statements": 1308, "percent_covered": 32.26299694189603, "percent_covered_display": "32", "missing_lines": 886, "excluded_lines": 2}, "missing_lines": [100, 107, 108, 109, 127, 133, 134, 135, 144, 182, 183, 231, 232, 236, 237, 238, 240, 243, 244, 251, 270, 315, 316, 317, 318, 319, 327, 328, 329, 330, 331, 340, 342, 344, 345, 346, 347, 354, 355, 356, 357, 358, 359, 385, 397, 398, 404, 406, 407, 409, 413, 414, 415, 416, 417, 419, 420, 422, 423, 424, 425, 427, 428, 430, 431, 432, 435, 436, 437, 438, 439, 442, 443, 444, 447, 462, 463, 464, 465, 466, 488, 490, 491, 493, 494, 495, 531, 532, 543, 544, 554, 555, 558, 560, 561, 562, 563, 565, 567, 568, 569, 570, 571, 572, 573, 575, 579, 580, 582, 584, 586, 593, 595, 599, 600, 602, 604, 608, 609, 611, 613, 617, 618, 630, 632, 633, 635, 636, 638, 639, 641, 642, 644, 671, 672, 675, 679, 682, 683, 684, 687, 695, 703, 704, 706, 709, 711, 712, 714, 715, 718, 724, 727, 728, 729, 730, 732, 733, 736, 737, 738, 739, 741, 748, 755, 756, 758, 761, 763, 764, 766, 769, 772, 773, 774, 776, 777, 780, 786, 790, 791, 792, 793, 795, 796, 797, 802, 804, 805, 806, 809, 810, 811, 813, 814, 815, 816, 817, 820, 821, 822, 823, 824, 826, 827, 828, 831, 832, 833, 834, 836, 846, 850, 851, 853, 854, 855, 858, 859, 860, 877, 880, 881, 883, 885, 886, 887, 890, 892, 893, 894, 895, 897, 898, 899, 945, 994, 997, 1006, 1007, 1008, 1009, 1018, 1036, 1037, 1038, 1045, 1053, 1054, 1062, 1109, 1112, 1115, 1117, 1128, 1129, 1130, 1131, 1133, 1148, 1161, 1162, 1173, 1174, 1175, 1186, 1193, 1203, 1215, 1217, 1218, 1219, 1220, 1222, 1224, 1225, 1228, 1231, 1232, 1234, 1235, 1236, 1237, 1239, 1242, 1243, 1246, 1247, 1249, 1250, 1251, 1252, 1255, 1256, 1257, 1268, 1269, 1273, 1276, 1279, 1280, 1281, 1282, 1284, 1296, 1297, 1305, 1306, 1307, 1308, 1309, 1310, 1311, 1312, 1313, 1314, 1316, 1320, 1322, 1323, 1324, 1327, 1335, 1336, 1337, 1338, 1340, 1345, 1346, 1348, 1349, 1350, 1354, 1356, 1357, 1359, 1370, 1371, 1372, 1373, 1374, 1376, 1378, 1390, 1394, 1396, 1397, 1398, 1404, 1406, 1407, 1408, 1409, 1410, 1411, 1413, 1414, 1415, 1416, 1418, 1419, 1421, 1422, 1424, 1443, 1444, 1450, 1454, 1456, 1459, 1461, 1479, 1483, 1506, 1507, 1529, 1530, 1547, 1561, 1574, 1575, 1577, 1578, 1590, 1592, 1595, 1597, 1598, 1599, 1601, 1603, 1604, 1605, 1614, 1615, 1617, 1618, 1619, 1620, 1621, 1629, 1630, 1632, 1634, 1635, 1636, 1645, 1646, 1647, 1648, 1649, 1650, 1651, 1659, 1660, 1661, 1663, 1664, 1665, 1674, 1675, 1676, 1677, 1678, 1679, 1680, 1688, 1689, 1690, 1694, 1695, 1705, 1706, 1707, 1716, 1718, 1719, 1729, 1730, 1731, 1740, 1742, 1743, 1753, 1754, 1755, 1764, 1766, 1767, 1769, 1770, 1772, 1788, 1795, 1796, 1798, 1824, 1827, 1832, 1834, 1835, 1836, 1837, 1840, 1841, 1845, 1848, 1851, 1874, 1876, 1877, 1879, 1880, 1882, 1893, 1895, 1897, 1898, 1901, 1902, 1903, 1905, 1907, 1908, 1911, 1912, 1914, 1915, 1917, 1918, 1919, 1920, 1922, 1924, 1925, 1926, 1927, 1928, 1930, 1934, 1936, 1945, 1952, 1953, 1954, 1957, 1958, 1960, 1961, 1962, 1965, 1966, 1974, 1975, 1977, 1979, 1980, 1981, 1982, 1984, 1988, 1993, 1995, 1997, 2002, 2004, 2005, 2007, 2010, 2013, 2014, 2016, 2020, 2024, 2025, 2028, 2029, 2030, 2031, 2033, 2034, 2035, 2036, 2037, 2040, 2042, 2045, 2047, 2048, 2051, 2052, 2053, 2055, 2056, 2057, 2059, 2063, 2064, 2066, 2067, 2069, 2070, 2072, 2078, 2080, 2081, 2082, 2086, 2088, 2095, 2098, 2099, 2100, 2101, 2102, 2103, 2104, 2107, 2108, 2109, 2110, 2111, 2112, 2113, 2116, 2117, 2118, 2120, 2121, 2129, 2131, 2132, 2134, 2136, 2151, 2152, 2155, 2157, 2158, 2164, 2165, 2166, 2188, 2189, 2190, 2211, 2216, 2217, 2218, 2219, 2221, 2222, 2228, 2229, 2231, 2232, 2235, 2237, 2238, 2239, 2240, 2241, 2243, 2245, 2246, 2249, 2250, 2251, 2253, 2254, 2255, 2257, 2260, 2262, 2263, 2264, 2266, 2267, 2274, 2275, 2276, 2448, 2449, 2450, 2453, 2454, 2456, 2457, 2458, 2460, 2461, 2462, 2463, 2465, 2467, 2468, 2469, 2471, 2472, 2474, 2475, 2476, 2477, 2478, 2479, 2480, 2482, 2483, 2484, 2486, 2491, 2492, 2494, 2495, 2496, 2498, 2499, 2501, 2502, 2503, 2505, 2506, 2508, 2509, 2510, 2512, 2513, 2515, 2516, 2517, 2518, 2519, 2521, 2522, 2523, 2524, 2526, 2528, 2529, 2530, 2532, 2533, 2534, 2535, 2536, 2537, 2538, 2540, 2541, 2542, 2544, 2545, 2548, 2549, 2552, 2553, 2555, 2558, 2566, 2567, 2568, 2569, 2570, 2571, 2572, 2574, 2575, 2576, 2577, 2578, 2579, 2580, 2581, 2583, 2584, 2585, 2587, 2588, 2590, 2591, 2592, 2593, 2595, 2597, 2598, 2600, 2602, 2603, 2604, 2606, 2609, 2610, 2611, 2612, 2613, 2615, 2616, 2617, 2618, 2619, 2621, 2622, 2623, 2624, 2625, 2627, 2628, 2629, 2630, 2631, 2633, 2634, 2635, 2636, 2637, 2639, 2642, 2644, 2645, 2647, 2648, 2649, 2651, 2652, 2653, 2654, 2655, 2657, 2658, 2662, 2667, 2668, 2672, 2676, 2682, 2683, 2684, 2686, 2687, 2688, 2690, 2691, 2693, 2694, 2695, 2696, 2697, 2698, 2700, 2701, 2702, 2703, 2705, 2706, 2707, 2709, 2710, 2711, 2713, 2714, 2716, 2717, 2718, 2719, 2720, 2722, 2723, 2724, 2725, 2727, 2728, 2729, 2736, 2737, 2738, 2739, 2741, 2742, 2744, 2745, 2746, 2748, 2749, 2751, 2752, 2754, 2755, 2756, 2757, 2758, 2759, 2760, 2761, 2763, 2764, 2766, 2768, 2769, 2771, 2772, 2773, 2774, 2775, 2777, 2778, 2780, 2782, 2783, 2785, 2786, 2787, 2789, 2791, 2792, 2794, 2795, 2796, 2797, 2799, 2800, 2802, 2804, 2805, 2807, 2808, 2809], "excluded_lines": [2812, 2813], "functions": {"CowrieDatabase.__init__": {"executed_lines": [56, 57, 58], "summary": {"covered_lines": 3, "num_statements": 3, "percent_covered": 100.0, "percent_covered_display": "100", "missing_lines": 0, "excluded_lines": 0}, "missing_lines": [], "excluded_lines": []}, "CowrieDatabase._get_engine": {"executed_lines": [62, 63, 64, 65], "summary": {"covered_lines": 4, "num_statements": 4, "percent_covered": 100.0, "percent_covered_display": "100", "missing_lines": 0, "excluded_lines": 0}, "missing_lines": [], "excluded_lines": []}, "CowrieDatabase._get_session": {"executed_lines": [69, 70, 71], "summary": {"covered_lines": 3, "num_statements": 3, "percent_covered": 100.0, "percent_covered_display": "100", "missing_lines": 0, "excluded_lines": 0}, "missing_lines": [], "excluded_lines": []}, "CowrieDatabase._is_sqlite": {"executed_lines": [75], "summary": {"covered_lines": 1, "num_statements": 1, "percent_covered": 100.0, "percent_covered_display": "100", "missing_lines": 0, "excluded_lines": 0}, "missing_lines": [], "excluded_lines": []}, "CowrieDatabase._is_postgresql": {"executed_lines": [79], "summary": {"covered_lines": 1, "num_statements": 1, "percent_covered": 100.0, "percent_covered_display": "100", "missing_lines": 0, "excluded_lines": 0}, "missing_lines": [], "excluded_lines": []}, "CowrieDatabase._table_exists": {"executed_lines": [90, 91, 92, 94, 97], "summary": {"covered_lines": 5, "num_statements": 9, "percent_covered": 55.55555555555556, "percent_covered_display": "56", "missing_lines": 4, "excluded_lines": 0}, "missing_lines": [100, 107, 108, 109], "excluded_lines": []}, "CowrieDatabase._get_all_indexes": {"executed_lines": [117, 118, 119, 121, 124], "summary": {"covered_lines": 5, "num_statements": 9, "percent_covered": 55.55555555555556, "percent_covered_display": "56", "missing_lines": 4, "excluded_lines": 0}, "missing_lines": [127, 133, 134, 135], "excluded_lines": []}, "CowrieDatabase.get_schema_version": {"executed_lines": [139, 140, 141, 145, 146, 147], "summary": {"covered_lines": 6, "num_statements": 7, "percent_covered": 85.71428571428571, "percent_covered_display": "86", "missing_lines": 1, "excluded_lines": 0}, "missing_lines": [144], "excluded_lines": []}, "CowrieDatabase.migrate": {"executed_lines": [160, 161, 162, 165, 167, 168, 170, 172, 174, 181, 185, 186, 187, 188, 190, 192, 193, 194, 197, 199, 200, 201, 202, 204], "summary": {"covered_lines": 24, "num_statements": 26, "percent_covered": 92.3076923076923, "percent_covered_display": "92", "missing_lines": 2, "excluded_lines": 0}, "missing_lines": [182, 183], "excluded_lines": []}, "CowrieDatabase.validate_schema": {"executed_lines": [212, 223, 224, 226, 227, 228, 229, 242, 246, 247, 249, 250, 252, 253, 254, 257, 258, 260, 261, 262, 263, 266, 267, 271, 272, 273, 276, 277, 278, 279, 281, 282, 283, 284, 285, 288, 291, 293], "summary": {"covered_lines": 38, "num_statements": 48, "percent_covered": 79.16666666666667, "percent_covered_display": "79", "missing_lines": 10, "excluded_lines": 0}, "missing_lines": [231, 232, 236, 237, 238, 240, 243, 244, 251, 270], "excluded_lines": []}, "CowrieDatabase.optimize": {"executed_lines": [305, 306, 307, 310, 311, 312, 313, 314, 321, 322, 323, 324, 325, 326, 333, 334, 335, 337, 339, 341, 350, 351, 352, 353, 361, 363], "summary": {"covered_lines": 26, "num_statements": 48, "percent_covered": 54.166666666666664, "percent_covered_display": "54", "missing_lines": 22, "excluded_lines": 0}, "missing_lines": [315, 316, 317, 318, 319, 327, 328, 329, 330, 331, 340, 342, 344, 345, 346, 347, 354, 355, 356, 357, 358, 359], "excluded_lines": []}, "CowrieDatabase.create_backup": {"executed_lines": [379, 381, 383, 384, 387, 388, 391, 393, 396, 400, 402, 468], "summary": {"covered_lines": 12, "num_statements": 49, "percent_covered": 24.489795918367346, "percent_covered_display": "24", "missing_lines": 37, "excluded_lines": 0}, "missing_lines": [385, 397, 398, 404, 406, 407, 409, 413, 414, 415, 416, 417, 419, 420, 422, 423, 424, 425, 427, 428, 430, 431, 432, 435, 436, 437, 438, 439, 442, 443, 444, 447, 462, 463, 464, 465, 466], "excluded_lines": []}, "CowrieDatabase._verify_backup_integrity": {"executed_lines": [479, 480, 482, 484, 485, 486, 487], "summary": {"covered_lines": 7, "num_statements": 13, "percent_covered": 53.84615384615385, "percent_covered_display": "54", "missing_lines": 6, "excluded_lines": 0}, "missing_lines": [488, 490, 491, 493, 494, 495], "excluded_lines": []}, "CowrieDatabase.check_integrity": {"executed_lines": [506, 512, 513, 520, 521, 523, 525, 526, 527, 534, 536, 537, 538, 539, 546, 548, 549, 550, 557, 620, 622], "summary": {"covered_lines": 21, "num_statements": 58, "percent_covered": 36.206896551724135, "percent_covered_display": "36", "missing_lines": 37, "excluded_lines": 0}, "missing_lines": [531, 532, 543, 544, 554, 555, 558, 560, 561, 562, 563, 565, 567, 568, 569, 570, 571, 572, 573, 575, 579, 580, 582, 584, 586, 593, 595, 599, 600, 602, 604, 608, 609, 611, 613, 617, 618], "excluded_lines": []}, "CowrieDatabase._get_integrity_recommendations": {"executed_lines": [], "summary": {"covered_lines": 0, "num_statements": 10, "percent_covered": 0.0, "percent_covered_display": "0", "missing_lines": 10, "excluded_lines": 0}, "missing_lines": [630, 632, 633, 635, 636, 638, 639, 641, 642, 644], "excluded_lines": []}, "CowrieDatabase.backfill_files_table": {"executed_lines": [656, 665, 667, 668, 841, 842, 843, 844], "summary": {"covered_lines": 8, "num_statements": 87, "percent_covered": 9.195402298850574, "percent_covered_display": "9", "missing_lines": 79, "excluded_lines": 0}, "missing_lines": [671, 672, 675, 679, 682, 683, 684, 687, 695, 703, 704, 706, 709, 711, 712, 714, 715, 718, 724, 727, 728, 729, 730, 732, 733, 736, 737, 738, 739, 741, 748, 755, 756, 758, 761, 763, 764, 766, 769, 772, 773, 774, 776, 777, 780, 786, 790, 791, 792, 793, 795, 796, 797, 802, 804, 805, 806, 809, 810, 811, 813, 814, 815, 816, 817, 820, 821, 822, 823, 824, 826, 827, 828, 831, 832, 833, 834, 836, 846], "excluded_lines": []}, "CowrieDatabase._insert_files_batch": {"executed_lines": [], "summary": {"covered_lines": 0, "num_statements": 23, "percent_covered": 0.0, "percent_covered_display": "0", "missing_lines": 23, "excluded_lines": 0}, "missing_lines": [850, 851, 853, 854, 855, 858, 859, 860, 877, 880, 881, 883, 885, 886, 887, 890, 892, 893, 894, 895, 897, 898, 899], "excluded_lines": []}, "CowrieDatabase.sanitize_unicode_in_database": {"executed_lines": [919, 930, 932, 933, 935, 937, 940, 941, 943, 944, 952, 959, 960, 962, 964, 965, 968, 970, 971, 972, 973, 976, 978, 981, 982, 983, 984, 992, 998, 999, 1000, 1002, 1004, 1012, 1013, 1014, 1015, 1016, 1025, 1031, 1040, 1041, 1044, 1065, 1066, 1069, 1070, 1077, 1084, 1085, 1086, 1087, 1089], "summary": {"covered_lines": 53, "num_statements": 68, "percent_covered": 77.94117647058823, "percent_covered_display": "78", "missing_lines": 15, "excluded_lines": 0}, "missing_lines": [945, 994, 997, 1006, 1007, 1008, 1009, 1018, 1036, 1037, 1038, 1045, 1053, 1054, 1062], "excluded_lines": []}, "CowrieDatabase.analyze_data_quality": {"executed_lines": [1100, 1103, 1106], "summary": {"covered_lines": 3, "num_statements": 12, "percent_covered": 25.0, "percent_covered_display": "25", "missing_lines": 9, "excluded_lines": 0}, "missing_lines": [1109, 1112, 1115, 1117, 1128, 1129, 1130, 1131, 1133], "excluded_lines": []}, "CowrieDatabase._analyze_database_overview": {"executed_lines": [1137, 1139, 1140, 1142, 1143, 1145, 1146, 1147, 1149, 1150, 1151, 1154, 1155, 1156, 1157, 1158, 1160, 1164, 1170, 1171], "summary": {"covered_lines": 20, "num_statements": 26, "percent_covered": 76.92307692307692, "percent_covered_display": "77", "missing_lines": 6, "excluded_lines": 0}, "missing_lines": [1148, 1161, 1162, 1173, 1174, 1175], "excluded_lines": []}, "CowrieDatabase._analyze_json_sample": {"executed_lines": [1179, 1181, 1182, 1184, 1185, 1188, 1191, 1205, 1299, 1300, 1301], "summary": {"covered_lines": 11, "num_statements": 52, "percent_covered": 21.153846153846153, "percent_covered_display": "21", "missing_lines": 41, "excluded_lines": 0}, "missing_lines": [1186, 1193, 1203, 1215, 1217, 1218, 1219, 1220, 1222, 1224, 1225, 1228, 1231, 1232, 1234, 1235, 1236, 1237, 1239, 1242, 1243, 1246, 1247, 1249, 1250, 1251, 1252, 1255, 1256, 1257, 1268, 1269, 1273, 1276, 1279, 1280, 1281, 1282, 1284, 1296, 1297], "excluded_lines": []}, "CowrieDatabase._identify_malformed_pattern": {"executed_lines": [], "summary": {"covered_lines": 0, "num_statements": 11, "percent_covered": 0.0, "percent_covered_display": "0", "missing_lines": 11, "excluded_lines": 0}, "missing_lines": [1305, 1306, 1307, 1308, 1309, 1310, 1311, 1312, 1313, 1314, 1316], "excluded_lines": []}, "CowrieDatabase._analyze_boolean_fields": {"executed_lines": [], "summary": {"covered_lines": 0, "num_statements": 15, "percent_covered": 0.0, "percent_covered_display": "0", "missing_lines": 15, "excluded_lines": 0}, "missing_lines": [1320, 1322, 1323, 1324, 1327, 1335, 1336, 1337, 1338, 1340, 1345, 1346, 1348, 1349, 1350], "excluded_lines": []}, "CowrieDatabase._analyze_missing_fields": {"executed_lines": [], "summary": {"covered_lines": 0, "num_statements": 16, "percent_covered": 0.0, "percent_covered_display": "0", "missing_lines": 16, "excluded_lines": 0}, "missing_lines": [1354, 1356, 1357, 1359, 1370, 1371, 1372, 1373, 1374, 1376, 1378, 1390, 1394, 1396, 1397, 1398], "excluded_lines": []}, "CowrieDatabase._generate_quality_recommendations": {"executed_lines": [], "summary": {"covered_lines": 0, "num_statements": 16, "percent_covered": 0.0, "percent_covered_display": "0", "missing_lines": 16, "excluded_lines": 0}, "missing_lines": [1404, 1406, 1407, 1408, 1409, 1410, 1411, 1413, 1414, 1415, 1416, 1418, 1419, 1421, 1422, 1424], "excluded_lines": []}, "CowrieDatabase.repair_data_quality": {"executed_lines": [1436, 1439], "summary": {"covered_lines": 2, "num_statements": 11, "percent_covered": 18.181818181818183, "percent_covered_display": "18", "missing_lines": 9, "excluded_lines": 0}, "missing_lines": [1443, 1444, 1450, 1454, 1456, 1459, 1461, 1479, 1483], "excluded_lines": []}, "CowrieDatabase._repair_missing_fields": {"executed_lines": [1487, 1489, 1490, 1492, 1494, 1495, 1496, 1498, 1505, 1520, 1521, 1522, 1523, 1524, 1525, 1526, 1528, 1542, 1545, 1546, 1549, 1551, 1552, 1562, 1564, 1565, 1800, 1801, 1802], "summary": {"covered_lines": 29, "num_statements": 112, "percent_covered": 25.892857142857142, "percent_covered_display": "26", "missing_lines": 83, "excluded_lines": 0}, "missing_lines": [1506, 1507, 1529, 1530, 1547, 1561, 1574, 1575, 1577, 1578, 1590, 1592, 1595, 1597, 1598, 1599, 1601, 1603, 1604, 1605, 1614, 1615, 1617, 1618, 1619, 1620, 1621, 1629, 1630, 1632, 1634, 1635, 1636, 1645, 1646, 1647, 1648, 1649, 1650, 1651, 1659, 1660, 1661, 1663, 1664, 1665, 1674, 1675, 1676, 1677, 1678, 1679, 1680, 1688, 1689, 1690, 1694, 1695, 1705, 1706, 1707, 1716, 1718, 1719, 1729, 1730, 1731, 1740, 1742, 1743, 1753, 1754, 1755, 1764, 1766, 1767, 1769, 1770, 1772, 1788, 1795, 1796, 1798], "excluded_lines": []}, "CowrieDatabase.get_files_table_stats": {"executed_lines": [1810, 1818, 1819, 1821, 1855, 1856, 1858], "summary": {"covered_lines": 7, "num_statements": 19, "percent_covered": 36.8421052631579, "percent_covered_display": "37", "missing_lines": 12, "excluded_lines": 0}, "missing_lines": [1824, 1827, 1832, 1834, 1835, 1836, 1837, 1840, 1841, 1845, 1848, 1851], "excluded_lines": []}, "CowrieDatabase.migrate_to_postgresql": {"executed_lines": [], "summary": {"covered_lines": 0, "num_statements": 31, "percent_covered": 0.0, "percent_covered_display": "0", "missing_lines": 31, "excluded_lines": 0}, "missing_lines": [1874, 1876, 1877, 1879, 1880, 1882, 1893, 1895, 1897, 1898, 1901, 1902, 1903, 1905, 1907, 1908, 1911, 1912, 1914, 1915, 1917, 1918, 1919, 1920, 1922, 1924, 1925, 1926, 1927, 1928, 1930], "excluded_lines": []}, "CowrieDatabase._perform_data_migration": {"executed_lines": [], "summary": {"covered_lines": 0, "num_statements": 21, "percent_covered": 0.0, "percent_covered_display": "0", "missing_lines": 21, "excluded_lines": 0}, "missing_lines": [1934, 1936, 1945, 1952, 1953, 1954, 1957, 1958, 1960, 1961, 1962, 1965, 1966, 1974, 1975, 1977, 1979, 1980, 1981, 1982, 1984], "excluded_lines": []}, "CowrieDatabase._migrate_table_data": {"executed_lines": [], "summary": {"covered_lines": 0, "num_statements": 36, "percent_covered": 0.0, "percent_covered_display": "0", "missing_lines": 36, "excluded_lines": 0}, "missing_lines": [1988, 1993, 1995, 1997, 2002, 2004, 2005, 2007, 2010, 2013, 2014, 2016, 2020, 2024, 2025, 2028, 2029, 2030, 2031, 2033, 2034, 2035, 2036, 2037, 2040, 2042, 2045, 2047, 2048, 2051, 2052, 2053, 2055, 2056, 2057, 2059], "excluded_lines": []}, "CowrieDatabase._insert_batch_to_postgres": {"executed_lines": [], "summary": {"covered_lines": 0, "num_statements": 11, "percent_covered": 0.0, "percent_covered_display": "0", "missing_lines": 11, "excluded_lines": 0}, "missing_lines": [2063, 2064, 2066, 2067, 2069, 2070, 2072, 2078, 2080, 2081, 2082], "excluded_lines": []}, "CowrieDatabase._validate_migration": {"executed_lines": [], "summary": {"covered_lines": 0, "num_statements": 27, "percent_covered": 0.0, "percent_covered_display": "0", "missing_lines": 27, "excluded_lines": 0}, "missing_lines": [2086, 2088, 2095, 2098, 2099, 2100, 2101, 2102, 2103, 2104, 2107, 2108, 2109, 2110, 2111, 2112, 2113, 2116, 2117, 2118, 2120, 2121, 2129, 2131, 2132, 2134, 2136], "excluded_lines": []}, "CowrieDatabase.longtail_migrate": {"executed_lines": [2140, 2142, 2143, 2144], "summary": {"covered_lines": 4, "num_statements": 12, "percent_covered": 33.333333333333336, "percent_covered_display": "33", "missing_lines": 8, "excluded_lines": 0}, "missing_lines": [2151, 2152, 2155, 2157, 2158, 2164, 2165, 2166], "excluded_lines": []}, "CowrieDatabase.longtail_rollback": {"executed_lines": [2173, 2175, 2176, 2179, 2181, 2182], "summary": {"covered_lines": 6, "num_statements": 9, "percent_covered": 66.66666666666667, "percent_covered_display": "67", "missing_lines": 3, "excluded_lines": 0}, "missing_lines": [2188, 2189, 2190], "excluded_lines": []}, "CowrieDatabase.validate_longtail_schema": {"executed_lines": [2197, 2199, 2200, 2203, 2204, 2205], "summary": {"covered_lines": 6, "num_statements": 42, "percent_covered": 14.285714285714286, "percent_covered_display": "14", "missing_lines": 36, "excluded_lines": 0}, "missing_lines": [2211, 2216, 2217, 2218, 2219, 2221, 2222, 2228, 2229, 2231, 2232, 2235, 2237, 2238, 2239, 2240, 2241, 2243, 2245, 2246, 2249, 2250, 2251, 2253, 2254, 2255, 2257, 2260, 2262, 2263, 2264, 2266, 2267, 2274, 2275, 2276], "excluded_lines": []}, "main": {"executed_lines": [2284, 2289, 2291, 2294, 2295, 2298, 2303, 2304, 2311, 2312, 2315, 2318, 2319, 2324, 2325, 2330, 2331, 2334, 2339, 2342, 2345, 2348, 2351, 2352, 2355, 2356, 2357, 2360, 2361, 2364, 2367, 2372, 2381, 2386, 2393, 2398, 2401, 2406, 2409, 2412, 2418, 2421, 2426, 2433, 2439, 2446], "summary": {"covered_lines": 46, "num_statements": 291, "percent_covered": 15.807560137457045, "percent_covered_display": "16", "missing_lines": 245, "excluded_lines": 0}, "missing_lines": [2448, 2449, 2450, 2453, 2454, 2456, 2457, 2458, 2460, 2461, 2462, 2463, 2465, 2467, 2468, 2469, 2471, 2472, 2474, 2475, 2476, 2477, 2478, 2479, 2480, 2482, 2483, 2484, 2486, 2491, 2492, 2494, 2495, 2496, 2498, 2499, 2501, 2502, 2503, 2505, 2506, 2508, 2509, 2510, 2512, 2513, 2515, 2516, 2517, 2518, 2519, 2521, 2522, 2523, 2524, 2526, 2528, 2529, 2530, 2532, 2533, 2534, 2535, 2536, 2537, 2538, 2540, 2541, 2542, 2544, 2545, 2548, 2549, 2552, 2553, 2555, 2558, 2566, 2567, 2568, 2569, 2570, 2571, 2572, 2574, 2575, 2576, 2577, 2578, 2579, 2580, 2581, 2583, 2584, 2585, 2587, 2588, 2590, 2591, 2592, 2593, 2595, 2597, 2598, 2600, 2602, 2603, 2604, 2606, 2609, 2610, 2611, 2612, 2613, 2615, 2616, 2617, 2618, 2619, 2621, 2622, 2623, 2624, 2625, 2627, 2628, 2629, 2630, 2631, 2633, 2634, 2635, 2636, 2637, 2639, 2642, 2644, 2645, 2647, 2648, 2649, 2651, 2652, 2653, 2654, 2655, 2657, 2658, 2662, 2667, 2668, 2672, 2676, 2682, 2683, 2684, 2686, 2687, 2688, 2690, 2691, 2693, 2694, 2695, 2696, 2697, 2698, 2700, 2701, 2702, 2703, 2705, 2706, 2707, 2709, 2710, 2711, 2713, 2714, 2716, 2717, 2718, 2719, 2720, 2722, 2723, 2724, 2725, 2727, 2728, 2729, 2736, 2737, 2738, 2739, 2741, 2742, 2744, 2745, 2746, 2748, 2749, 2751, 2752, 2754, 2755, 2756, 2757, 2758, 2759, 2760, 2761, 2763, 2764, 2766, 2768, 2769, 2771, 2772, 2773, 2774, 2775, 2777, 2778, 2780, 2782, 2783, 2785, 2786, 2787, 2789, 2791, 2792, 2794, 2795, 2796, 2797, 2799, 2800, 2802, 2804, 2805, 2807, 2808, 2809], "excluded_lines": []}, "": {"executed_lines": [1, 3, 5, 6, 7, 8, 9, 10, 11, 12, 13, 14, 16, 17, 18, 20, 21, 22, 23, 24, 25, 26, 27, 30, 31, 32, 34, 35, 36, 37, 38, 39, 40, 41, 44, 47, 48, 50, 60, 67, 73, 77, 81, 111, 137, 149, 206, 295, 370, 470, 497, 628, 646, 848, 901, 1091, 1135, 1177, 1303, 1318, 1352, 1400, 1426, 1485, 1804, 1860, 1932, 1986, 2061, 2084, 2138, 2171, 2195, 2282, 2812], "summary": {"covered_lines": 71, "num_statements": 71, "percent_covered": 100.0, "percent_covered_display": "100", "missing_lines": 0, "excluded_lines": 2}, "missing_lines": [], "excluded_lines": [2812, 2813]}}, "classes": {"SanitizationMetrics": {"executed_lines": [], "summary": {"covered_lines": 0, "num_statements": 0, "percent_covered": 100.0, "percent_covered_display": "100", "missing_lines": 0, "excluded_lines": 0}, "missing_lines": [], "excluded_lines": []}, "CowrieDatabase": {"executed_lines": [56, 57, 58, 62, 63, 64, 65, 69, 70, 71, 75, 79, 90, 91, 92, 94, 97, 117, 118, 119, 121, 124, 139, 140, 141, 145, 146, 147, 160, 161, 162, 165, 167, 168, 170, 172, 174, 181, 185, 186, 187, 188, 190, 192, 193, 194, 197, 199, 200, 201, 202, 204, 212, 223, 224, 226, 227, 228, 229, 242, 246, 247, 249, 250, 252, 253, 254, 257, 258, 260, 261, 262, 263, 266, 267, 271, 272, 273, 276, 277, 278, 279, 281, 282, 283, 284, 285, 288, 291, 293, 305, 306, 307, 310, 311, 312, 313, 314, 321, 322, 323, 324, 325, 326, 333, 334, 335, 337, 339, 341, 350, 351, 352, 353, 361, 363, 379, 381, 383, 384, 387, 388, 391, 393, 396, 400, 402, 468, 479, 480, 482, 484, 485, 486, 487, 506, 512, 513, 520, 521, 523, 525, 526, 527, 534, 536, 537, 538, 539, 546, 548, 549, 550, 557, 620, 622, 656, 665, 667, 668, 841, 842, 843, 844, 919, 930, 932, 933, 935, 937, 940, 941, 943, 944, 952, 959, 960, 962, 964, 965, 968, 970, 971, 972, 973, 976, 978, 981, 982, 983, 984, 992, 998, 999, 1000, 1002, 1004, 1012, 1013, 1014, 1015, 1016, 1025, 1031, 1040, 1041, 1044, 1065, 1066, 1069, 1070, 1077, 1084, 1085, 1086, 1087, 1089, 1100, 1103, 1106, 1137, 1139, 1140, 1142, 1143, 1145, 1146, 1147, 1149, 1150, 1151, 1154, 1155, 1156, 1157, 1158, 1160, 1164, 1170, 1171, 1179, 1181, 1182, 1184, 1185, 1188, 1191, 1205, 1299, 1300, 1301, 1436, 1439, 1487, 1489, 1490, 1492, 1494, 1495, 1496, 1498, 1505, 1520, 1521, 1522, 1523, 1524, 1525, 1526, 1528, 1542, 1545, 1546, 1549, 1551, 1552, 1562, 1564, 1565, 1800, 1801, 1802, 1810, 1818, 1819, 1821, 1855, 1856, 1858, 2140, 2142, 2143, 2144, 2173, 2175, 2176, 2179, 2181, 2182, 2197, 2199, 2200, 2203, 2204, 2205], "summary": {"covered_lines": 305, "num_statements": 946, "percent_covered": 32.241014799154335, "percent_covered_display": "32", "missing_lines": 641, "excluded_lines": 0}, "missing_lines": [100, 107, 108, 109, 127, 133, 134, 135, 144, 182, 183, 231, 232, 236, 237, 238, 240, 243, 244, 251, 270, 315, 316, 317, 318, 319, 327, 328, 329, 330, 331, 340, 342, 344, 345, 346, 347, 354, 355, 356, 357, 358, 359, 385, 397, 398, 404, 406, 407, 409, 413, 414, 415, 416, 417, 419, 420, 422, 423, 424, 425, 427, 428, 430, 431, 432, 435, 436, 437, 438, 439, 442, 443, 444, 447, 462, 463, 464, 465, 466, 488, 490, 491, 493, 494, 495, 531, 532, 543, 544, 554, 555, 558, 560, 561, 562, 563, 565, 567, 568, 569, 570, 571, 572, 573, 575, 579, 580, 582, 584, 586, 593, 595, 599, 600, 602, 604, 608, 609, 611, 613, 617, 618, 630, 632, 633, 635, 636, 638, 639, 641, 642, 644, 671, 672, 675, 679, 682, 683, 684, 687, 695, 703, 704, 706, 709, 711, 712, 714, 715, 718, 724, 727, 728, 729, 730, 732, 733, 736, 737, 738, 739, 741, 748, 755, 756, 758, 761, 763, 764, 766, 769, 772, 773, 774, 776, 777, 780, 786, 790, 791, 792, 793, 795, 796, 797, 802, 804, 805, 806, 809, 810, 811, 813, 814, 815, 816, 817, 820, 821, 822, 823, 824, 826, 827, 828, 831, 832, 833, 834, 836, 846, 850, 851, 853, 854, 855, 858, 859, 860, 877, 880, 881, 883, 885, 886, 887, 890, 892, 893, 894, 895, 897, 898, 899, 945, 994, 997, 1006, 1007, 1008, 1009, 1018, 1036, 1037, 1038, 1045, 1053, 1054, 1062, 1109, 1112, 1115, 1117, 1128, 1129, 1130, 1131, 1133, 1148, 1161, 1162, 1173, 1174, 1175, 1186, 1193, 1203, 1215, 1217, 1218, 1219, 1220, 1222, 1224, 1225, 1228, 1231, 1232, 1234, 1235, 1236, 1237, 1239, 1242, 1243, 1246, 1247, 1249, 1250, 1251, 1252, 1255, 1256, 1257, 1268, 1269, 1273, 1276, 1279, 1280, 1281, 1282, 1284, 1296, 1297, 1305, 1306, 1307, 1308, 1309, 1310, 1311, 1312, 1313, 1314, 1316, 1320, 1322, 1323, 1324, 1327, 1335, 1336, 1337, 1338, 1340, 1345, 1346, 1348, 1349, 1350, 1354, 1356, 1357, 1359, 1370, 1371, 1372, 1373, 1374, 1376, 1378, 1390, 1394, 1396, 1397, 1398, 1404, 1406, 1407, 1408, 1409, 1410, 1411, 1413, 1414, 1415, 1416, 1418, 1419, 1421, 1422, 1424, 1443, 1444, 1450, 1454, 1456, 1459, 1461, 1479, 1483, 1506, 1507, 1529, 1530, 1547, 1561, 1574, 1575, 1577, 1578, 1590, 1592, 1595, 1597, 1598, 1599, 1601, 1603, 1604, 1605, 1614, 1615, 1617, 1618, 1619, 1620, 1621, 1629, 1630, 1632, 1634, 1635, 1636, 1645, 1646, 1647, 1648, 1649, 1650, 1651, 1659, 1660, 1661, 1663, 1664, 1665, 1674, 1675, 1676, 1677, 1678, 1679, 1680, 1688, 1689, 1690, 1694, 1695, 1705, 1706, 1707, 1716, 1718, 1719, 1729, 1730, 1731, 1740, 1742, 1743, 1753, 1754, 1755, 1764, 1766, 1767, 1769, 1770, 1772, 1788, 1795, 1796, 1798, 1824, 1827, 1832, 1834, 1835, 1836, 1837, 1840, 1841, 1845, 1848, 1851, 1874, 1876, 1877, 1879, 1880, 1882, 1893, 1895, 1897, 1898, 1901, 1902, 1903, 1905, 1907, 1908, 1911, 1912, 1914, 1915, 1917, 1918, 1919, 1920, 1922, 1924, 1925, 1926, 1927, 1928, 1930, 1934, 1936, 1945, 1952, 1953, 1954, 1957, 1958, 1960, 1961, 1962, 1965, 1966, 1974, 1975, 1977, 1979, 1980, 1981, 1982, 1984, 1988, 1993, 1995, 1997, 2002, 2004, 2005, 2007, 2010, 2013, 2014, 2016, 2020, 2024, 2025, 2028, 2029, 2030, 2031, 2033, 2034, 2035, 2036, 2037, 2040, 2042, 2045, 2047, 2048, 2051, 2052, 2053, 2055, 2056, 2057, 2059, 2063, 2064, 2066, 2067, 2069, 2070, 2072, 2078, 2080, 2081, 2082, 2086, 2088, 2095, 2098, 2099, 2100, 2101, 2102, 2103, 2104, 2107, 2108, 2109, 2110, 2111, 2112, 2113, 2116, 2117, 2118, 2120, 2121, 2129, 2131, 2132, 2134, 2136, 2151, 2152, 2155, 2157, 2158, 2164, 2165, 2166, 2188, 2189, 2190, 2211, 2216, 2217, 2218, 2219, 2221, 2222, 2228, 2229, 2231, 2232, 2235, 2237, 2238, 2239, 2240, 2241, 2243, 2245, 2246, 2249, 2250, 2251, 2253, 2254, 2255, 2257, 2260, 2262, 2263, 2264, 2266, 2267, 2274, 2275, 2276], "excluded_lines": []}, "": {"executed_lines": [1, 3, 5, 6, 7, 8, 9, 10, 11, 12, 13, 14, 16, 17, 18, 20, 21, 22, 23, 24, 25, 26, 27, 30, 31, 32, 34, 35, 36, 37, 38, 39, 40, 41, 44, 47, 48, 50, 60, 67, 73, 77, 81, 111, 137, 149, 206, 295, 370, 470, 497, 628, 646, 848, 901, 1091, 1135, 1177, 1303, 1318, 1352, 1400, 1426, 1485, 1804, 1860, 1932, 1986, 2061, 2084, 2138, 2171, 2195, 2282, 2284, 2289, 2291, 2294, 2295, 2298, 2303, 2304, 2311, 2312, 2315, 2318, 2319, 2324, 2325, 2330, 2331, 2334, 2339, 2342, 2345, 2348, 2351, 2352, 2355, 2356, 2357, 2360, 2361, 2364, 2367, 2372, 2381, 2386, 2393, 2398, 2401, 2406, 2409, 2412, 2418, 2421, 2426, 2433, 2439, 2446, 2812], "summary": {"covered_lines": 117, "num_statements": 362, "percent_covered": 32.32044198895028, "percent_covered_display": "32", "missing_lines": 245, "excluded_lines": 2}, "missing_lines": [2448, 2449, 2450, 2453, 2454, 2456, 2457, 2458, 2460, 2461, 2462, 2463, 2465, 2467, 2468, 2469, 2471, 2472, 2474, 2475, 2476, 2477, 2478, 2479, 2480, 2482, 2483, 2484, 2486, 2491, 2492, 2494, 2495, 2496, 2498, 2499, 2501, 2502, 2503, 2505, 2506, 2508, 2509, 2510, 2512, 2513, 2515, 2516, 2517, 2518, 2519, 2521, 2522, 2523, 2524, 2526, 2528, 2529, 2530, 2532, 2533, 2534, 2535, 2536, 2537, 2538, 2540, 2541, 2542, 2544, 2545, 2548, 2549, 2552, 2553, 2555, 2558, 2566, 2567, 2568, 2569, 2570, 2571, 2572, 2574, 2575, 2576, 2577, 2578, 2579, 2580, 2581, 2583, 2584, 2585, 2587, 2588, 2590, 2591, 2592, 2593, 2595, 2597, 2598, 2600, 2602, 2603, 2604, 2606, 2609, 2610, 2611, 2612, 2613, 2615, 2616, 2617, 2618, 2619, 2621, 2622, 2623, 2624, 2625, 2627, 2628, 2629, 2630, 2631, 2633, 2634, 2635, 2636, 2637, 2639, 2642, 2644, 2645, 2647, 2648, 2649, 2651, 2652, 2653, 2654, 2655, 2657, 2658, 2662, 2667, 2668, 2672, 2676, 2682, 2683, 2684, 2686, 2687, 2688, 2690, 2691, 2693, 2694, 2695, 2696, 2697, 2698, 2700, 2701, 2702, 2703, 2705, 2706, 2707, 2709, 2710, 2711, 2713, 2714, 2716, 2717, 2718, 2719, 2720, 2722, 2723, 2724, 2725, 2727, 2728, 2729, 2736, 2737, 2738, 2739, 2741, 2742, 2744, 2745, 2746, 2748, 2749, 2751, 2752, 2754, 2755, 2756, 2757, 2758, 2759, 2760, 2761, 2763, 2764, 2766, 2768, 2769, 2771, 2772, 2773, 2774, 2775, 2777, 2778, 2780, 2782, 2783, 2785, 2786, 2787, 2789, 2791, 2792, 2794, 2795, 2796, 2797, 2799, 2800, 2802, 2804, 2805, 2807, 2808, 2809], "excluded_lines": [2812, 2813]}}}, "cowrieprocessor/cli/db_config.py": {"executed_lines": [1, 3, 5, 6, 8, 11, 47, 80, 87, 91], "summary": {"covered_lines": 9, "num_statements": 39, "percent_covered": 23.076923076923077, "percent_covered_display": "23", "missing_lines": 30, "excluded_lines": 0}, "missing_lines": [17, 18, 19, 21, 23, 24, 25, 26, 28, 29, 31, 32, 35, 36, 37, 38, 40, 42, 44, 63, 65, 66, 67, 68, 70, 71, 73, 74, 75, 77], "excluded_lines": [], "functions": {"_load_sensors_config": {"executed_lines": [], "summary": {"covered_lines": 0, "num_statements": 19, "percent_covered": 0.0, "percent_covered_display": "0", "missing_lines": 19, "excluded_lines": 0}, "missing_lines": [17, 18, 19, 21, 23, 24, 25, 26, 28, 29, 31, 32, 35, 36, 37, 38, 40, 42, 44], "excluded_lines": []}, "resolve_database_settings": {"executed_lines": [], "summary": {"covered_lines": 0, "num_statements": 11, "percent_covered": 0.0, "percent_covered_display": "0", "missing_lines": 11, "excluded_lines": 0}, "missing_lines": [63, 65, 66, 67, 68, 70, 71, 73, 74, 75, 77], "excluded_lines": []}, "add_database_argument": {"executed_lines": [87, 91], "summary": {"covered_lines": 2, "num_statements": 2, "percent_covered": 100.0, "percent_covered_display": "100", "missing_lines": 0, "excluded_lines": 0}, "missing_lines": [], "excluded_lines": []}, "": {"executed_lines": [1, 3, 5, 6, 8, 11, 47, 80], "summary": {"covered_lines": 7, "num_statements": 7, "percent_covered": 100.0, "percent_covered_display": "100", "missing_lines": 0, "excluded_lines": 0}, "missing_lines": [], "excluded_lines": []}}, "classes": {"": {"executed_lines": [1, 3, 5, 6, 8, 11, 47, 80, 87, 91], "summary": {"covered_lines": 9, "num_statements": 39, "percent_covered": 23.076923076923077, "percent_covered_display": "23", "missing_lines": 30, "excluded_lines": 0}, "missing_lines": [17, 18, 19, 21, 23, 24, 25, 26, 28, 29, 31, 32, 35, 36, 37, 38, 40, 42, 44, 63, 65, 66, 67, 68, 70, 71, 73, 74, 75, 77], "excluded_lines": []}}}, "cowrieprocessor/cli/enrich_passwords.py": {"executed_lines": [1, 3, 5, 6, 7, 8, 9, 10, 11, 12, 13, 15, 16, 17, 18, 20, 21, 22, 23, 24, 25, 26, 27, 29, 32, 46, 47, 50, 52, 54, 57, 75, 117, 133, 159, 160, 165, 167, 169, 170, 171, 172, 175, 179, 182, 183, 194, 195, 196, 199, 208, 209, 220, 222, 224, 225, 226, 228, 229, 231, 238, 241, 242, 244, 247, 341, 369, 444, 497, 581, 665, 840, 877, 888, 938, 967, 985, 1007, 1064, 1144, 1175, 1201, 1454, 1638], "summary": {"covered_lines": 82, "num_statements": 672, "percent_covered": 12.202380952380953, "percent_covered_display": "12", "missing_lines": 590, "excluded_lines": 2}, "missing_lines": [69, 70, 71, 72, 94, 102, 104, 107, 109, 111, 112, 114, 130, 161, 162, 176, 177, 227, 267, 269, 270, 280, 281, 283, 284, 285, 288, 289, 290, 292, 295, 296, 306, 307, 309, 312, 324, 325, 326, 327, 331, 354, 356, 357, 358, 360, 361, 364, 380, 381, 384, 396, 398, 399, 402, 403, 404, 405, 406, 408, 409, 410, 412, 413, 414, 415, 416, 419, 420, 423, 425, 426, 427, 428, 429, 430, 431, 433, 441, 453, 458, 459, 460, 463, 464, 465, 467, 468, 471, 475, 477, 478, 479, 482, 483, 485, 487, 488, 490, 492, 493, 494, 506, 511, 512, 515, 516, 517, 518, 519, 520, 523, 524, 526, 529, 530, 531, 533, 535, 556, 557, 558, 560, 561, 562, 563, 565, 566, 567, 568, 570, 572, 574, 576, 577, 578, 590, 595, 596, 599, 600, 601, 602, 603, 604, 607, 608, 610, 613, 614, 615, 617, 619, 639, 640, 641, 643, 644, 645, 646, 648, 649, 650, 651, 652, 654, 656, 658, 660, 661, 662, 675, 680, 682, 683, 684, 685, 686, 687, 689, 690, 692, 695, 698, 699, 700, 702, 703, 704, 706, 709, 710, 712, 713, 715, 716, 719, 720, 723, 724, 732, 734, 735, 736, 739, 742, 743, 745, 746, 748, 751, 760, 767, 768, 770, 773, 774, 775, 776, 784, 785, 786, 787, 788, 791, 794, 795, 796, 797, 798, 799, 801, 804, 805, 806, 807, 809, 810, 811, 812, 813, 814, 815, 816, 818, 819, 820, 822, 823, 833, 835, 836, 837, 842, 844, 846, 849, 860, 879, 890, 891, 893, 895, 896, 897, 899, 905, 906, 907, 908, 909, 910, 912, 913, 914, 915, 916, 917, 918, 921, 928, 929, 930, 931, 932, 933, 935, 940, 942, 943, 944, 945, 947, 948, 949, 950, 951, 953, 954, 955, 957, 959, 960, 961, 962, 963, 964, 969, 970, 971, 973, 974, 975, 976, 977, 978, 979, 980, 981, 982, 987, 989, 991, 992, 997, 1002, 1003, 1004, 1019, 1024, 1026, 1027, 1029, 1030, 1031, 1032, 1034, 1038, 1039, 1040, 1043, 1052, 1061, 1070, 1071, 1073, 1074, 1075, 1076, 1077, 1079, 1080, 1081, 1084, 1085, 1086, 1087, 1089, 1090, 1092, 1095, 1096, 1097, 1099, 1100, 1101, 1102, 1103, 1105, 1106, 1107, 1108, 1109, 1110, 1112, 1126, 1127, 1141, 1146, 1147, 1150, 1151, 1152, 1153, 1154, 1157, 1158, 1159, 1162, 1163, 1164, 1167, 1168, 1169, 1170, 1172, 1177, 1178, 1180, 1181, 1182, 1183, 1185, 1186, 1187, 1188, 1189, 1190, 1191, 1192, 1193, 1204, 1209, 1212, 1213, 1216, 1219, 1227, 1228, 1230, 1232, 1233, 1235, 1236, 1237, 1238, 1240, 1241, 1242, 1245, 1246, 1248, 1249, 1251, 1252, 1253, 1254, 1255, 1256, 1257, 1260, 1262, 1263, 1265, 1268, 1269, 1270, 1271, 1273, 1274, 1275, 1287, 1288, 1289, 1291, 1292, 1294, 1295, 1297, 1300, 1301, 1302, 1303, 1304, 1305, 1306, 1307, 1308, 1310, 1311, 1313, 1315, 1316, 1317, 1319, 1320, 1321, 1323, 1324, 1325, 1326, 1329, 1341, 1352, 1353, 1354, 1355, 1356, 1359, 1361, 1362, 1363, 1368, 1372, 1375, 1376, 1385, 1387, 1388, 1390, 1391, 1394, 1395, 1396, 1397, 1398, 1401, 1403, 1404, 1405, 1406, 1410, 1413, 1414, 1423, 1425, 1426, 1427, 1428, 1429, 1430, 1433, 1444, 1445, 1447, 1448, 1449, 1451, 1460, 1486, 1489, 1492, 1493, 1494, 1496, 1501, 1503, 1508, 1512, 1517, 1524, 1527, 1531, 1533, 1535, 1538, 1540, 1544, 1546, 1548, 1551, 1553, 1554, 1555, 1557, 1559, 1561, 1563, 1565, 1568, 1570, 1571, 1572, 1574, 1576, 1578, 1580, 1582, 1585, 1588, 1591, 1594, 1599, 1600, 1605, 1606, 1607, 1608, 1611, 1617, 1619, 1621, 1624, 1626, 1627, 1628, 1631, 1632, 1634, 1635], "excluded_lines": [1638, 1639], "functions": {"_sanitize_text_for_postgres": {"executed_lines": [46, 47, 50, 52, 54], "summary": {"covered_lines": 5, "num_statements": 5, "percent_covered": 100.0, "percent_covered_display": "100", "missing_lines": 0, "excluded_lines": 0}, "missing_lines": [], "excluded_lines": []}, "_parse_date": {"executed_lines": [], "summary": {"covered_lines": 0, "num_statements": 4, "percent_covered": 0.0, "percent_covered_display": "0", "missing_lines": 4, "excluded_lines": 0}, "missing_lines": [69, 70, 71, 72], "excluded_lines": []}, "_query_sessions": {"executed_lines": [], "summary": {"covered_lines": 0, "num_statements": 8, "percent_covered": 0.0, "percent_covered_display": "0", "missing_lines": 8, "excluded_lines": 0}, "missing_lines": [94, 102, 104, 107, 109, 111, 112, 114], "excluded_lines": []}, "_load_session_events": {"executed_lines": [], "summary": {"covered_lines": 0, "num_statements": 1, "percent_covered": 0.0, "percent_covered_display": "0", "missing_lines": 1, "excluded_lines": 0}, "missing_lines": [130], "excluded_lines": []}, "_track_password": {"executed_lines": [159, 160, 165, 167, 169, 170, 171, 172, 175, 179, 182, 183, 194, 195, 196, 199, 208, 209, 220, 222, 224, 225, 226, 228, 229, 231, 238, 241, 242, 244], "summary": {"covered_lines": 30, "num_statements": 35, "percent_covered": 85.71428571428571, "percent_covered_display": "86", "missing_lines": 5, "excluded_lines": 0}, "missing_lines": [161, 162, 176, 177, 227], "excluded_lines": []}, "_enrich_session": {"executed_lines": [], "summary": {"covered_lines": 0, "num_statements": 23, "percent_covered": 0.0, "percent_covered_display": "0", "missing_lines": 23, "excluded_lines": 0}, "missing_lines": [267, 269, 270, 280, 281, 283, 284, 285, 288, 289, 290, 292, 295, 296, 306, 307, 309, 312, 324, 325, 326, 327, 331], "excluded_lines": []}, "_update_session_enrichment": {"executed_lines": [], "summary": {"covered_lines": 0, "num_statements": 7, "percent_covered": 0.0, "percent_covered_display": "0", "missing_lines": 7, "excluded_lines": 0}, "missing_lines": [354, 356, 357, 358, 360, 361, 364], "excluded_lines": []}, "_aggregate_daily_stats": {"executed_lines": [], "summary": {"covered_lines": 0, "num_statements": 31, "percent_covered": 0.0, "percent_covered_display": "0", "missing_lines": 31, "excluded_lines": 0}, "missing_lines": [380, 381, 384, 396, 398, 399, 402, 403, 404, 405, 406, 408, 409, 410, 412, 413, 414, 415, 416, 419, 420, 423, 425, 426, 427, 428, 429, 430, 431, 433, 441], "excluded_lines": []}, "prune_old_passwords": {"executed_lines": [], "summary": {"covered_lines": 0, "num_statements": 23, "percent_covered": 0.0, "percent_covered_display": "0", "missing_lines": 23, "excluded_lines": 0}, "missing_lines": [453, 458, 459, 460, 463, 464, 465, 467, 468, 471, 475, 477, 478, 479, 482, 483, 485, 487, 488, 490, 492, 493, 494], "excluded_lines": []}, "show_top_passwords": {"executed_lines": [], "summary": {"covered_lines": 0, "num_statements": 34, "percent_covered": 0.0, "percent_covered_display": "0", "missing_lines": 34, "excluded_lines": 0}, "missing_lines": [506, 511, 512, 515, 516, 517, 518, 519, 520, 523, 524, 526, 529, 530, 531, 533, 535, 556, 557, 558, 560, 561, 562, 563, 565, 566, 567, 568, 570, 572, 574, 576, 577, 578], "excluded_lines": []}, "show_new_passwords": {"executed_lines": [], "summary": {"covered_lines": 0, "num_statements": 35, "percent_covered": 0.0, "percent_covered_display": "0", "missing_lines": 35, "excluded_lines": 0}, "missing_lines": [590, 595, 596, 599, 600, 601, 602, 603, 604, 607, 608, 610, 613, 614, 615, 617, 619, 639, 640, 641, 643, 644, 645, 646, 648, 649, 650, 651, 652, 654, 656, 658, 660, 661, 662], "excluded_lines": []}, "enrich_passwords": {"executed_lines": [], "summary": {"covered_lines": 0, "num_statements": 82, "percent_covered": 0.0, "percent_covered_display": "0", "missing_lines": 82, "excluded_lines": 0}, "missing_lines": [675, 680, 682, 683, 684, 685, 686, 687, 689, 690, 692, 695, 698, 699, 700, 702, 703, 704, 706, 709, 710, 712, 713, 715, 716, 719, 720, 723, 724, 732, 734, 735, 736, 739, 742, 743, 745, 746, 748, 751, 760, 767, 768, 770, 773, 774, 775, 776, 784, 785, 786, 787, 788, 791, 794, 795, 796, 797, 798, 799, 801, 804, 805, 806, 807, 809, 810, 811, 812, 813, 814, 815, 816, 818, 819, 820, 822, 823, 833, 835, 836, 837], "excluded_lines": []}, "get_session_query": {"executed_lines": [], "summary": {"covered_lines": 0, "num_statements": 5, "percent_covered": 0.0, "percent_covered_display": "0", "missing_lines": 5, "excluded_lines": 0}, "missing_lines": [842, 844, 846, 849, 860], "excluded_lines": []}, "get_file_query": {"executed_lines": [], "summary": {"covered_lines": 0, "num_statements": 1, "percent_covered": 0.0, "percent_covered_display": "0", "missing_lines": 1, "excluded_lines": 0}, "missing_lines": [879], "excluded_lines": []}, "_extract_ip_from_raw_events": {"executed_lines": [], "summary": {"covered_lines": 0, "num_statements": 28, "percent_covered": 0.0, "percent_covered_display": "0", "missing_lines": 28, "excluded_lines": 0}, "missing_lines": [890, 891, 893, 895, 896, 897, 899, 905, 906, 907, 908, 909, 910, 912, 913, 914, 915, 916, 917, 918, 921, 928, 929, 930, 931, 932, 933, 935], "excluded_lines": []}, "iter_sessions": {"executed_lines": [], "summary": {"covered_lines": 0, "num_statements": 20, "percent_covered": 0.0, "percent_covered_display": "0", "missing_lines": 20, "excluded_lines": 0}, "missing_lines": [940, 942, 943, 944, 945, 947, 948, 949, 950, 951, 953, 954, 955, 957, 959, 960, 961, 962, 963, 964], "excluded_lines": []}, "iter_files": {"executed_lines": [], "summary": {"covered_lines": 0, "num_statements": 13, "percent_covered": 0.0, "percent_covered_display": "0", "missing_lines": 13, "excluded_lines": 0}, "missing_lines": [969, 970, 971, 973, 974, 975, 976, 977, 978, 979, 980, 981, 982], "excluded_lines": []}, "table_exists": {"executed_lines": [], "summary": {"covered_lines": 0, "num_statements": 8, "percent_covered": 0.0, "percent_covered_display": "0", "missing_lines": 8, "excluded_lines": 0}, "missing_lines": [987, 989, 991, 992, 997, 1002, 1003, 1004], "excluded_lines": []}, "update_session": {"executed_lines": [], "summary": {"covered_lines": 0, "num_statements": 15, "percent_covered": 0.0, "percent_covered_display": "0", "missing_lines": 15, "excluded_lines": 0}, "missing_lines": [1019, 1024, 1026, 1027, 1029, 1030, 1031, 1032, 1034, 1038, 1039, 1040, 1043, 1052, 1061], "excluded_lines": []}, "update_file": {"executed_lines": [], "summary": {"covered_lines": 0, "num_statements": 35, "percent_covered": 0.0, "percent_covered_display": "0", "missing_lines": 35, "excluded_lines": 0}, "missing_lines": [1070, 1071, 1073, 1074, 1075, 1076, 1077, 1079, 1080, 1081, 1084, 1085, 1086, 1087, 1089, 1090, 1092, 1095, 1096, 1097, 1099, 1100, 1101, 1102, 1103, 1105, 1106, 1107, 1108, 1109, 1110, 1112, 1126, 1127, 1141], "excluded_lines": []}, "track_enrichment_stats": {"executed_lines": [], "summary": {"covered_lines": 0, "num_statements": 18, "percent_covered": 0.0, "percent_covered_display": "0", "missing_lines": 18, "excluded_lines": 0}, "missing_lines": [1146, 1147, 1150, 1151, 1152, 1153, 1154, 1157, 1158, 1159, 1162, 1163, 1164, 1167, 1168, 1169, 1170, 1172], "excluded_lines": []}, "load_sensor_credentials": {"executed_lines": [], "summary": {"covered_lines": 0, "num_statements": 15, "percent_covered": 0.0, "percent_covered_display": "0", "missing_lines": 15, "excluded_lines": 0}, "missing_lines": [1177, 1178, 1180, 1181, 1182, 1183, 1185, 1186, 1187, 1188, 1189, 1190, 1191, 1192, 1193], "excluded_lines": []}, "refresh_enrichment": {"executed_lines": [], "summary": {"covered_lines": 0, "num_statements": 117, "percent_covered": 0.0, "percent_covered_display": "0", "missing_lines": 117, "excluded_lines": 0}, "missing_lines": [1204, 1209, 1212, 1213, 1216, 1219, 1227, 1228, 1230, 1232, 1233, 1235, 1236, 1237, 1238, 1240, 1241, 1242, 1245, 1246, 1248, 1249, 1251, 1252, 1253, 1254, 1255, 1256, 1257, 1260, 1262, 1263, 1265, 1268, 1269, 1270, 1271, 1273, 1274, 1275, 1287, 1288, 1289, 1291, 1292, 1294, 1295, 1297, 1300, 1301, 1302, 1303, 1304, 1305, 1306, 1307, 1308, 1310, 1311, 1313, 1315, 1316, 1317, 1319, 1320, 1321, 1323, 1324, 1325, 1326, 1329, 1341, 1352, 1353, 1354, 1355, 1356, 1359, 1361, 1362, 1363, 1368, 1372, 1375, 1376, 1385, 1387, 1388, 1390, 1391, 1394, 1395, 1396, 1397, 1398, 1401, 1403, 1404, 1405, 1406, 1410, 1413, 1414, 1423, 1425, 1426, 1427, 1428, 1429, 1430, 1433, 1444, 1445, 1447, 1448, 1449, 1451], "excluded_lines": []}, "main": {"executed_lines": [], "summary": {"covered_lines": 0, "num_statements": 62, "percent_covered": 0.0, "percent_covered_display": "0", "missing_lines": 62, "excluded_lines": 0}, "missing_lines": [1460, 1486, 1489, 1492, 1493, 1494, 1496, 1501, 1503, 1508, 1512, 1517, 1524, 1527, 1531, 1533, 1535, 1538, 1540, 1544, 1546, 1548, 1551, 1553, 1554, 1555, 1557, 1559, 1561, 1563, 1565, 1568, 1570, 1571, 1572, 1574, 1576, 1578, 1580, 1582, 1585, 1588, 1591, 1594, 1599, 1600, 1605, 1606, 1607, 1608, 1611, 1617, 1619, 1621, 1624, 1626, 1627, 1628, 1631, 1632, 1634, 1635], "excluded_lines": []}, "": {"executed_lines": [1, 3, 5, 6, 7, 8, 9, 10, 11, 12, 13, 15, 16, 17, 18, 20, 21, 22, 23, 24, 25, 26, 27, 29, 32, 57, 75, 117, 133, 247, 341, 369, 444, 497, 581, 665, 840, 877, 888, 938, 967, 985, 1007, 1064, 1144, 1175, 1201, 1454, 1638], "summary": {"covered_lines": 47, "num_statements": 47, "percent_covered": 100.0, "percent_covered_display": "100", "missing_lines": 0, "excluded_lines": 2}, "missing_lines": [], "excluded_lines": [1638, 1639]}}, "classes": {"": {"executed_lines": [1, 3, 5, 6, 7, 8, 9, 10, 11, 12, 13, 15, 16, 17, 18, 20, 21, 22, 23, 24, 25, 26, 27, 29, 32, 46, 47, 50, 52, 54, 57, 75, 117, 133, 159, 160, 165, 167, 169, 170, 171, 172, 175, 179, 182, 183, 194, 195, 196, 199, 208, 209, 220, 222, 224, 225, 226, 228, 229, 231, 238, 241, 242, 244, 247, 341, 369, 444, 497, 581, 665, 840, 877, 888, 938, 967, 985, 1007, 1064, 1144, 1175, 1201, 1454, 1638], "summary": {"covered_lines": 82, "num_statements": 672, "percent_covered": 12.202380952380953, "percent_covered_display": "12", "missing_lines": 590, "excluded_lines": 2}, "missing_lines": [69, 70, 71, 72, 94, 102, 104, 107, 109, 111, 112, 114, 130, 161, 162, 176, 177, 227, 267, 269, 270, 280, 281, 283, 284, 285, 288, 289, 290, 292, 295, 296, 306, 307, 309, 312, 324, 325, 326, 327, 331, 354, 356, 357, 358, 360, 361, 364, 380, 381, 384, 396, 398, 399, 402, 403, 404, 405, 406, 408, 409, 410, 412, 413, 414, 415, 416, 419, 420, 423, 425, 426, 427, 428, 429, 430, 431, 433, 441, 453, 458, 459, 460, 463, 464, 465, 467, 468, 471, 475, 477, 478, 479, 482, 483, 485, 487, 488, 490, 492, 493, 494, 506, 511, 512, 515, 516, 517, 518, 519, 520, 523, 524, 526, 529, 530, 531, 533, 535, 556, 557, 558, 560, 561, 562, 563, 565, 566, 567, 568, 570, 572, 574, 576, 577, 578, 590, 595, 596, 599, 600, 601, 602, 603, 604, 607, 608, 610, 613, 614, 615, 617, 619, 639, 640, 641, 643, 644, 645, 646, 648, 649, 650, 651, 652, 654, 656, 658, 660, 661, 662, 675, 680, 682, 683, 684, 685, 686, 687, 689, 690, 692, 695, 698, 699, 700, 702, 703, 704, 706, 709, 710, 712, 713, 715, 716, 719, 720, 723, 724, 732, 734, 735, 736, 739, 742, 743, 745, 746, 748, 751, 760, 767, 768, 770, 773, 774, 775, 776, 784, 785, 786, 787, 788, 791, 794, 795, 796, 797, 798, 799, 801, 804, 805, 806, 807, 809, 810, 811, 812, 813, 814, 815, 816, 818, 819, 820, 822, 823, 833, 835, 836, 837, 842, 844, 846, 849, 860, 879, 890, 891, 893, 895, 896, 897, 899, 905, 906, 907, 908, 909, 910, 912, 913, 914, 915, 916, 917, 918, 921, 928, 929, 930, 931, 932, 933, 935, 940, 942, 943, 944, 945, 947, 948, 949, 950, 951, 953, 954, 955, 957, 959, 960, 961, 962, 963, 964, 969, 970, 971, 973, 974, 975, 976, 977, 978, 979, 980, 981, 982, 987, 989, 991, 992, 997, 1002, 1003, 1004, 1019, 1024, 1026, 1027, 1029, 1030, 1031, 1032, 1034, 1038, 1039, 1040, 1043, 1052, 1061, 1070, 1071, 1073, 1074, 1075, 1076, 1077, 1079, 1080, 1081, 1084, 1085, 1086, 1087, 1089, 1090, 1092, 1095, 1096, 1097, 1099, 1100, 1101, 1102, 1103, 1105, 1106, 1107, 1108, 1109, 1110, 1112, 1126, 1127, 1141, 1146, 1147, 1150, 1151, 1152, 1153, 1154, 1157, 1158, 1159, 1162, 1163, 1164, 1167, 1168, 1169, 1170, 1172, 1177, 1178, 1180, 1181, 1182, 1183, 1185, 1186, 1187, 1188, 1189, 1190, 1191, 1192, 1193, 1204, 1209, 1212, 1213, 1216, 1219, 1227, 1228, 1230, 1232, 1233, 1235, 1236, 1237, 1238, 1240, 1241, 1242, 1245, 1246, 1248, 1249, 1251, 1252, 1253, 1254, 1255, 1256, 1257, 1260, 1262, 1263, 1265, 1268, 1269, 1270, 1271, 1273, 1274, 1275, 1287, 1288, 1289, 1291, 1292, 1294, 1295, 1297, 1300, 1301, 1302, 1303, 1304, 1305, 1306, 1307, 1308, 1310, 1311, 1313, 1315, 1316, 1317, 1319, 1320, 1321, 1323, 1324, 1325, 1326, 1329, 1341, 1352, 1353, 1354, 1355, 1356, 1359, 1361, 1362, 1363, 1368, 1372, 1375, 1376, 1385, 1387, 1388, 1390, 1391, 1394, 1395, 1396, 1397, 1398, 1401, 1403, 1404, 1405, 1406, 1410, 1413, 1414, 1423, 1425, 1426, 1427, 1428, 1429, 1430, 1433, 1444, 1445, 1447, 1448, 1449, 1451, 1460, 1486, 1489, 1492, 1493, 1494, 1496, 1501, 1503, 1508, 1512, 1517, 1524, 1527, 1531, 1533, 1535, 1538, 1540, 1544, 1546, 1548, 1551, 1553, 1554, 1555, 1557, 1559, 1561, 1563, 1565, 1568, 1570, 1571, 1572, 1574, 1576, 1578, 1580, 1582, 1585, 1588, 1591, 1594, 1599, 1600, 1605, 1606, 1607, 1608, 1611, 1617, 1619, 1621, 1624, 1626, 1627, 1628, 1631, 1632, 1634, 1635], "excluded_lines": [1638, 1639]}}}, "cowrieprocessor/cli/enrich_ssh_keys.py": {"executed_lines": [], "summary": {"covered_lines": 0, "num_statements": 375, "percent_covered": 0.0, "percent_covered_display": "0", "missing_lines": 375, "excluded_lines": 5}, "missing_lines": [3, 5, 6, 7, 8, 9, 10, 11, 13, 14, 15, 17, 18, 19, 26, 27, 28, 30, 33, 35, 36, 37, 38, 41, 51, 56, 58, 59, 60, 61, 62, 63, 66, 67, 69, 73, 76, 77, 78, 80, 81, 82, 84, 87, 90, 91, 94, 95, 96, 98, 100, 101, 102, 103, 104, 106, 107, 109, 110, 111, 114, 115, 117, 119, 121, 122, 123, 124, 125, 127, 129, 130, 132, 133, 135, 136, 138, 139, 142, 143, 146, 147, 148, 150, 151, 154, 157, 158, 159, 167, 168, 169, 170, 172, 173, 175, 176, 177, 179, 180, 181, 184, 185, 186, 187, 190, 191, 192, 195, 204, 205, 206, 208, 210, 211, 213, 217, 219, 220, 221, 224, 227, 229, 232, 241, 242, 244, 245, 247, 250, 269, 270, 271, 272, 273, 274, 276, 279, 281, 282, 298, 299, 302, 305, 306, 314, 315, 318, 321, 322, 334, 335, 336, 339, 340, 341, 342, 344, 345, 348, 357, 359, 360, 361, 362, 363, 364, 365, 366, 367, 368, 370, 373, 390, 391, 393, 394, 396, 403, 404, 405, 406, 408, 409, 410, 411, 413, 414, 415, 416, 418, 419, 420, 421, 422, 424, 425, 426, 434, 435, 437, 443, 444, 446, 449, 465, 466, 468, 471, 477, 479, 490, 491, 500, 502, 503, 504, 505, 507, 508, 509, 510, 513, 520, 522, 531, 533, 542, 552, 557, 559, 560, 561, 563, 564, 568, 569, 570, 572, 574, 575, 576, 577, 578, 580, 583, 584, 585, 601, 602, 603, 604, 605, 607, 609, 610, 611, 612, 615, 616, 618, 619, 621, 622, 623, 624, 626, 627, 629, 630, 631, 634, 637, 646, 651, 653, 654, 655, 656, 658, 659, 660, 662, 663, 664, 665, 667, 668, 670, 671, 673, 674, 678, 679, 681, 682, 685, 686, 688, 689, 690, 691, 693, 694, 696, 698, 699, 700, 702, 704, 705, 717, 718, 719, 721, 722, 723, 725, 726, 727, 728, 730, 732, 734, 745, 746, 747, 748, 756, 757, 759, 760, 762, 763, 764, 765, 767, 769, 770, 777, 778, 781, 787, 816, 819, 822, 825, 826, 827, 829, 832, 833, 834, 835, 837, 840, 843, 846, 849, 852, 853, 855, 858, 863, 864, 865, 867, 870, 872, 873, 874, 877, 878, 880, 881], "excluded_lines": [772, 773, 774, 884, 885], "functions": {"_parse_date": {"executed_lines": [], "summary": {"covered_lines": 0, "num_statements": 4, "percent_covered": 0.0, "percent_covered_display": "0", "missing_lines": 4, "excluded_lines": 0}, "missing_lines": [35, 36, 37, 38], "excluded_lines": []}, "backfill_ssh_keys": {"executed_lines": [], "summary": {"covered_lines": 0, "num_statements": 97, "percent_covered": 0.0, "percent_covered_display": "0", "missing_lines": 97, "excluded_lines": 0}, "missing_lines": [51, 56, 58, 59, 60, 61, 62, 63, 66, 67, 69, 73, 76, 77, 78, 80, 81, 82, 84, 87, 90, 91, 94, 95, 96, 98, 100, 101, 102, 103, 104, 106, 107, 109, 110, 111, 114, 115, 117, 119, 121, 122, 123, 124, 125, 127, 129, 130, 132, 133, 135, 136, 138, 139, 142, 143, 146, 147, 148, 150, 151, 154, 157, 158, 159, 167, 168, 169, 170, 172, 173, 175, 176, 177, 179, 180, 181, 184, 185, 186, 187, 190, 191, 192, 195, 204, 205, 206, 208, 210, 211, 213, 217, 219, 220, 221, 224], "excluded_lines": []}, "_escape_like": {"executed_lines": [], "summary": {"covered_lines": 0, "num_statements": 1, "percent_covered": 0.0, "percent_covered_display": "0", "missing_lines": 1, "excluded_lines": 0}, "missing_lines": [229], "excluded_lines": []}, "_normalize_event_timestamp": {"executed_lines": [], "summary": {"covered_lines": 0, "num_statements": 5, "percent_covered": 0.0, "percent_covered_display": "0", "missing_lines": 5, "excluded_lines": 0}, "missing_lines": [241, 242, 244, 245, 247], "excluded_lines": []}, "_store_ssh_key_intelligence": {"executed_lines": [], "summary": {"covered_lines": 0, "num_statements": 29, "percent_covered": 0.0, "percent_covered_display": "0", "missing_lines": 29, "excluded_lines": 0}, "missing_lines": [269, 270, 271, 272, 273, 274, 276, 279, 281, 282, 298, 299, 302, 305, 306, 314, 315, 318, 321, 322, 334, 335, 336, 339, 340, 341, 342, 344, 345], "excluded_lines": []}, "_detect_injection_method": {"executed_lines": [], "summary": {"covered_lines": 0, "num_statements": 12, "percent_covered": 0.0, "percent_covered_display": "0", "missing_lines": 12, "excluded_lines": 0}, "missing_lines": [357, 359, 360, 361, 362, 363, 364, 365, 366, 367, 368, 370], "excluded_lines": []}, "_find_dataset_timestamp_for_session_key": {"executed_lines": [], "summary": {"covered_lines": 0, "num_statements": 31, "percent_covered": 0.0, "percent_covered_display": "0", "missing_lines": 31, "excluded_lines": 0}, "missing_lines": [390, 391, 393, 394, 396, 403, 404, 405, 406, 408, 409, 410, 411, 413, 414, 415, 416, 418, 419, 420, 421, 422, 424, 425, 426, 434, 435, 437, 443, 444, 446], "excluded_lines": []}, "_track_key_associations": {"executed_lines": [], "summary": {"covered_lines": 0, "num_statements": 17, "percent_covered": 0.0, "percent_covered_display": "0", "missing_lines": 17, "excluded_lines": 0}, "missing_lines": [465, 466, 468, 471, 477, 479, 490, 491, 500, 502, 503, 504, 505, 507, 508, 509, 510], "excluded_lines": []}, "_update_session_summaries": {"executed_lines": [], "summary": {"covered_lines": 0, "num_statements": 4, "percent_covered": 0.0, "percent_covered_display": "0", "missing_lines": 4, "excluded_lines": 0}, "missing_lines": [520, 522, 531, 533], "excluded_lines": []}, "export_ssh_keys": {"executed_lines": [], "summary": {"covered_lines": 0, "num_statements": 44, "percent_covered": 0.0, "percent_covered_display": "0", "missing_lines": 44, "excluded_lines": 0}, "missing_lines": [552, 557, 559, 560, 561, 563, 564, 568, 569, 570, 572, 574, 575, 576, 577, 578, 580, 583, 584, 585, 601, 602, 603, 604, 605, 607, 609, 610, 611, 612, 615, 616, 618, 619, 621, 622, 623, 624, 626, 627, 629, 630, 631, 634], "excluded_lines": []}, "repair_ssh_key_timestamps": {"executed_lines": [], "summary": {"covered_lines": 0, "num_statements": 68, "percent_covered": 0.0, "percent_covered_display": "0", "missing_lines": 68, "excluded_lines": 3}, "missing_lines": [646, 651, 653, 654, 655, 656, 658, 659, 660, 662, 663, 664, 665, 667, 668, 670, 671, 673, 674, 678, 679, 681, 682, 685, 686, 688, 689, 690, 691, 693, 694, 696, 698, 699, 700, 702, 704, 705, 717, 718, 719, 721, 722, 723, 725, 726, 727, 728, 730, 732, 734, 745, 746, 747, 748, 756, 757, 759, 760, 762, 763, 764, 765, 767, 769, 770, 777, 778], "excluded_lines": [772, 773, 774]}, "main": {"executed_lines": [], "summary": {"covered_lines": 0, "num_statements": 33, "percent_covered": 0.0, "percent_covered_display": "0", "missing_lines": 33, "excluded_lines": 0}, "missing_lines": [787, 816, 819, 822, 825, 826, 827, 829, 832, 833, 834, 835, 837, 840, 843, 846, 849, 852, 853, 855, 858, 863, 864, 865, 867, 870, 872, 873, 874, 877, 878, 880, 881], "excluded_lines": []}, "": {"executed_lines": [], "summary": {"covered_lines": 0, "num_statements": 30, "percent_covered": 0.0, "percent_covered_display": "0", "missing_lines": 30, "excluded_lines": 2}, "missing_lines": [3, 5, 6, 7, 8, 9, 10, 11, 13, 14, 15, 17, 18, 19, 26, 27, 28, 30, 33, 41, 227, 232, 250, 348, 373, 449, 513, 542, 637, 781], "excluded_lines": [884, 885]}}, "classes": {"": {"executed_lines": [], "summary": {"covered_lines": 0, "num_statements": 375, "percent_covered": 0.0, "percent_covered_display": "0", "missing_lines": 375, "excluded_lines": 5}, "missing_lines": [3, 5, 6, 7, 8, 9, 10, 11, 13, 14, 15, 17, 18, 19, 26, 27, 28, 30, 33, 35, 36, 37, 38, 41, 51, 56, 58, 59, 60, 61, 62, 63, 66, 67, 69, 73, 76, 77, 78, 80, 81, 82, 84, 87, 90, 91, 94, 95, 96, 98, 100, 101, 102, 103, 104, 106, 107, 109, 110, 111, 114, 115, 117, 119, 121, 122, 123, 124, 125, 127, 129, 130, 132, 133, 135, 136, 138, 139, 142, 143, 146, 147, 148, 150, 151, 154, 157, 158, 159, 167, 168, 169, 170, 172, 173, 175, 176, 177, 179, 180, 181, 184, 185, 186, 187, 190, 191, 192, 195, 204, 205, 206, 208, 210, 211, 213, 217, 219, 220, 221, 224, 227, 229, 232, 241, 242, 244, 245, 247, 250, 269, 270, 271, 272, 273, 274, 276, 279, 281, 282, 298, 299, 302, 305, 306, 314, 315, 318, 321, 322, 334, 335, 336, 339, 340, 341, 342, 344, 345, 348, 357, 359, 360, 361, 362, 363, 364, 365, 366, 367, 368, 370, 373, 390, 391, 393, 394, 396, 403, 404, 405, 406, 408, 409, 410, 411, 413, 414, 415, 416, 418, 419, 420, 421, 422, 424, 425, 426, 434, 435, 437, 443, 444, 446, 449, 465, 466, 468, 471, 477, 479, 490, 491, 500, 502, 503, 504, 505, 507, 508, 509, 510, 513, 520, 522, 531, 533, 542, 552, 557, 559, 560, 561, 563, 564, 568, 569, 570, 572, 574, 575, 576, 577, 578, 580, 583, 584, 585, 601, 602, 603, 604, 605, 607, 609, 610, 611, 612, 615, 616, 618, 619, 621, 622, 623, 624, 626, 627, 629, 630, 631, 634, 637, 646, 651, 653, 654, 655, 656, 658, 659, 660, 662, 663, 664, 665, 667, 668, 670, 671, 673, 674, 678, 679, 681, 682, 685, 686, 688, 689, 690, 691, 693, 694, 696, 698, 699, 700, 702, 704, 705, 717, 718, 719, 721, 722, 723, 725, 726, 727, 728, 730, 732, 734, 745, 746, 747, 748, 756, 757, 759, 760, 762, 763, 764, 765, 767, 769, 770, 777, 778, 781, 787, 816, 819, 822, 825, 826, 827, 829, 832, 833, 834, 835, 837, 840, 843, 846, 849, 852, 853, 855, 858, 863, 864, 865, 867, 870, 872, 873, 874, 877, 878, 880, 881], "excluded_lines": [772, 773, 774, 884, 885]}}}, "cowrieprocessor/cli/file_organizer.py": {"executed_lines": [], "summary": {"covered_lines": 0, "num_statements": 103, "percent_covered": 0.0, "percent_covered_display": "0", "missing_lines": 103, "excluded_lines": 2}, "missing_lines": [7, 8, 9, 10, 11, 13, 15, 18, 29, 38, 39, 40, 43, 44, 46, 47, 49, 50, 52, 53, 54, 55, 56, 57, 58, 60, 61, 63, 64, 65, 66, 67, 68, 69, 71, 72, 74, 75, 76, 77, 78, 79, 80, 82, 83, 85, 86, 87, 89, 92, 95, 96, 97, 98, 99, 102, 105, 107, 108, 109, 112, 113, 115, 117, 118, 120, 122, 123, 124, 125, 127, 129, 130, 131, 133, 136, 137, 138, 139, 140, 142, 143, 144, 145, 146, 148, 149, 150, 151, 152, 154, 155, 156, 157, 158, 160, 161, 162, 163, 164, 166, 167, 169], "excluded_lines": [172, 173], "functions": {"organize_files": {"executed_lines": [], "summary": {"covered_lines": 0, "num_statements": 41, "percent_covered": 0.0, "percent_covered_display": "0", "missing_lines": 41, "excluded_lines": 0}, "missing_lines": [29, 38, 39, 40, 43, 44, 46, 47, 49, 50, 52, 53, 54, 55, 56, 57, 58, 60, 61, 63, 64, 65, 66, 67, 68, 69, 71, 72, 74, 75, 76, 77, 78, 79, 80, 82, 83, 85, 86, 87, 89], "excluded_lines": []}, "_get_target_directory": {"executed_lines": [], "summary": {"covered_lines": 0, "num_statements": 6, "percent_covered": 0.0, "percent_covered_display": "0", "missing_lines": 6, "excluded_lines": 0}, "missing_lines": [95, 96, 97, 98, 99, 102], "excluded_lines": []}, "main": {"executed_lines": [], "summary": {"covered_lines": 0, "num_statements": 46, "percent_covered": 0.0, "percent_covered_display": "0", "missing_lines": 46, "excluded_lines": 0}, "missing_lines": [107, 108, 109, 112, 113, 115, 117, 118, 120, 122, 123, 124, 125, 127, 129, 130, 131, 133, 136, 137, 138, 139, 140, 142, 143, 144, 145, 146, 148, 149, 150, 151, 152, 154, 155, 156, 157, 158, 160, 161, 162, 163, 164, 166, 167, 169], "excluded_lines": []}, "": {"executed_lines": [], "summary": {"covered_lines": 0, "num_statements": 10, "percent_covered": 0.0, "percent_covered_display": "0", "missing_lines": 10, "excluded_lines": 2}, "missing_lines": [7, 8, 9, 10, 11, 13, 15, 18, 92, 105], "excluded_lines": [172, 173]}}, "classes": {"": {"executed_lines": [], "summary": {"covered_lines": 0, "num_statements": 103, "percent_covered": 0.0, "percent_covered_display": "0", "missing_lines": 103, "excluded_lines": 2}, "missing_lines": [7, 8, 9, 10, 11, 13, 15, 18, 29, 38, 39, 40, 43, 44, 46, 47, 49, 50, 52, 53, 54, 55, 56, 57, 58, 60, 61, 63, 64, 65, 66, 67, 68, 69, 71, 72, 74, 75, 76, 77, 78, 79, 80, 82, 83, 85, 86, 87, 89, 92, 95, 96, 97, 98, 99, 102, 105, 107, 108, 109, 112, 113, 115, 117, 118, 120, 122, 123, 124, 125, 127, 129, 130, 131, 133, 136, 137, 138, 139, 140, 142, 143, 144, 145, 146, 148, 149, 150, 151, 152, 154, 155, 156, 157, 158, 160, 161, 162, 163, 164, 166, 167, 169], "excluded_lines": [172, 173]}}}, "cowrieprocessor/cli/health.py": {"executed_lines": [1, 3, 5, 6, 7, 8, 9, 10, 12, 13, 15, 16, 19, 20, 21, 23, 24, 25, 26, 27, 29, 31, 40, 41, 45, 46, 49, 50, 51, 52, 54, 55, 56, 59, 76, 77, 85, 86, 88, 89, 90, 91, 92, 96, 97, 98, 105, 108, 110, 111, 112, 113, 114, 116, 117, 119, 122, 123, 124, 125, 126, 127, 132, 140, 141, 143, 144, 145, 146, 147, 152, 155], "summary": {"covered_lines": 69, "num_statements": 99, "percent_covered": 69.6969696969697, "percent_covered_display": "70", "missing_lines": 30, "excluded_lines": 2}, "missing_lines": [42, 61, 63, 64, 65, 67, 68, 70, 71, 72, 74, 78, 79, 82, 87, 93, 94, 99, 100, 101, 102, 103, 104, 120, 121, 129, 130, 148, 149, 150], "excluded_lines": [155, 156], "functions": {"HealthReport.to_dict": {"executed_lines": [31], "summary": {"covered_lines": 1, "num_statements": 1, "percent_covered": 100.0, "percent_covered_dis
[...]
isplay": "100", "missing_lines": 0, "excluded_lines": 0}, "missing_lines": [], "excluded_lines": []}}, "classes": {"SnowshoeDetectionMetrics": {"executed_lines": [60, 62, 67, 69, 74, 76, 81, 83, 88, 90, 91, 92, 95, 100, 101, 103, 105, 106, 116], "summary": {"covered_lines": 19, "num_statements": 27, "percent_covered": 70.37037037037037, "percent_covered_display": "70", "missing_lines": 8, "excluded_lines": 0}, "missing_lines": [61, 68, 75, 82, 89, 93, 104, 108], "excluded_lines": []}, "SnowshoeCampaignMetrics": {"executed_lines": [], "summary": {"covered_lines": 0, "num_statements": 7, "percent_covered": 0.0, "percent_covered_display": "0", "missing_lines": 7, "excluded_lines": 0}, "missing_lines": [197, 198, 199, 204, 205, 206, 210], "excluded_lines": []}, "": {"executed_lines": [1, 3, 5, 6, 7, 10, 11, 12, 20, 21, 22, 25, 26, 27, 28, 31, 32, 33, 34, 35, 36, 39, 40, 41, 44, 45, 46, 47, 50, 51, 54, 55, 57, 58, 64, 65, 71, 72, 78, 79, 85, 86, 97, 98, 110, 166, 167, 168, 170, 171, 172, 173, 176, 177, 178, 179, 182, 183, 184, 187, 188, 191, 192, 194, 195, 201, 202, 208, 241, 262, 263, 266, 267, 271, 272, 274, 275, 276, 278, 309], "summary": {"covered_lines": 77, "num_statements": 77, "percent_covered": 100.0, "percent_covered_display": "100", "missing_lines": 0, "excluded_lines": 0}, "missing_lines": [], "excluded_lines": []}}}, "cowrieprocessor/threat_detection/snowshoe.py": {"executed_lines": [1, 7, 9, 10, 11, 12, 13, 15, 16, 18, 20, 23, 24, 36, 53, 54, 55, 56, 57, 59, 69, 87, 88, 89, 91, 93, 95, 97, 98, 99, 102, 103, 104, 105, 108, 118, 121, 123, 145, 154, 160, 169, 180, 182, 183, 184, 187, 188, 191, 199, 201, 202, 205, 208, 211, 212, 213, 215, 217, 226, 227, 230, 231, 233, 234, 235, 236, 237, 238, 239, 241, 243, 250, 253, 254, 255, 256, 258, 259, 260, 261, 262, 263, 265, 274, 275, 282, 291, 292, 294, 295, 297, 298, 299, 300, 302, 303, 304, 306, 314, 325, 326, 327, 329, 330, 338, 339, 340, 341, 343, 352, 353, 354, 355, 357, 359, 360, 363, 364, 365, 367, 370, 371, 373, 375, 393, 402, 403, 405, 406, 407, 409, 410, 411, 414, 416, 427, 440, 441, 442, 444, 445, 448, 449, 452, 454, 463, 472, 473, 474, 477, 480, 483, 486, 487, 490, 492, 494, 510, 511, 512, 513, 514, 515, 517, 519, 528, 579, 580, 582], "summary": {"covered_lines": 168, "num_statements": 181, "percent_covered": 92.81767955801105, "percent_covered_display": "93", "missing_lines": 13, "excluded_lines": 0}, "missing_lines": [156, 157, 158, 192, 193, 194, 195, 196, 251, 344, 384, 385, 386], "excluded_lines": [], "functions": {"SnowshoeDetector.__init__": {"executed_lines": [53, 54, 55, 56, 57, 59], "summary": {"covered_lines": 6, "num_statements": 6, "percent_covered": 100.0, "percent_covered_display": "100", "missing_lines": 0, "excluded_lines": 0}, "missing_lines": [], "excluded_lines": []}, "SnowshoeDetector.detect": {"executed_lines": [87, 88, 89, 91, 93, 95, 97, 98, 99, 102, 103, 104, 105, 108, 118, 121, 123, 145, 154], "summary": {"covered_lines": 19, "num_statements": 22, "percent_covered": 86.36363636363636, "percent_covered_display": "86", "missing_lines": 3, "excluded_lines": 0}, "missing_lines": [156, 157, 158], "excluded_lines": []}, "SnowshoeDetector._extract_ip_data": {"executed_lines": [169, 180, 182, 183, 184, 187, 188, 191, 199, 201, 202, 205, 208, 211, 212, 213, 215], "summary": {"covered_lines": 17, "num_statements": 22, "percent_covered": 77.27272727272727, "percent_covered_display": "77", "missing_lines": 5, "excluded_lines": 0}, "missing_lines": [192, 193, 194, 195, 196], "excluded_lines": []}, "SnowshoeDetector._extract_ip_from_session": {"executed_lines": [226, 227, 230, 231, 233, 234, 235, 236, 237, 238, 239, 241], "summary": {"covered_lines": 12, "num_statements": 12, "percent_covered": 100.0, "percent_covered_display": "100", "missing_lines": 0, "excluded_lines": 0}, "missing_lines": [], "excluded_lines": []}, "SnowshoeDetector._extract_geographic_data": {"executed_lines": [250, 253, 254, 255, 256, 258, 259, 260, 261, 262, 263], "summary": {"covered_lines": 11, "num_statements": 12, "percent_covered": 91.66666666666667, "percent_covered_display": "92", "missing_lines": 1, "excluded_lines": 0}, "missing_lines": [251], "excluded_lines": []}, "SnowshoeDetector._extract_command_data": {"executed_lines": [274, 275], "summary": {"covered_lines": 2, "num_statements": 2, "percent_covered": 100.0, "percent_covered_display": "100", "missing_lines": 0, "excluded_lines": 0}, "missing_lines": [], "excluded_lines": []}, "SnowshoeDetector._analyze_volume_patterns": {"executed_lines": [291, 292, 294, 295, 297, 298, 299, 300, 302, 303, 304, 306], "summary": {"covered_lines": 12, "num_statements": 12, "percent_covered": 100.0, "percent_covered_display": "100", "missing_lines": 0, "excluded_lines": 0}, "missing_lines": [], "excluded_lines": []}, "SnowshoeDetector._analyze_timing_patterns": {"executed_lines": [325, 326, 327, 329, 330, 338, 339, 340, 341, 343, 352, 353, 354, 355, 357, 359, 360, 363, 364, 365, 367, 370, 371, 373, 375], "summary": {"covered_lines": 25, "num_statements": 29, "percent_covered": 86.20689655172414, "percent_covered_display": "86", "missing_lines": 4, "excluded_lines": 0}, "missing_lines": [344, 384, 385, 386], "excluded_lines": []}, "SnowshoeDetector._analyze_geographic_diversity": {"executed_lines": [402, 403, 405, 406, 407, 409, 410, 411, 414, 416], "summary": {"covered_lines": 10, "num_statements": 10, "percent_covered": 100.0, "percent_covered_display": "100", "missing_lines": 0, "excluded_lines": 0}, "missing_lines": [], "excluded_lines": []}, "SnowshoeDetector._analyze_behavioral_similarity": {"executed_lines": [440, 441, 442, 444, 445, 448, 449, 452, 454], "summary": {"covered_lines": 9, "num_statements": 9, "percent_covered": 100.0, "percent_covered_display": "100", "missing_lines": 0, "excluded_lines": 0}, "missing_lines": [], "excluded_lines": []}, "SnowshoeDetector._calculate_snowshoe_score": {"executed_lines": [472, 473, 474, 477, 480, 483, 486, 487, 490, 492], "summary": {"covered_lines": 10, "num_statements": 10, "percent_covered": 100.0, "percent_covered_display": "100", "missing_lines": 0, "excluded_lines": 0}, "missing_lines": [], "excluded_lines": []}, "SnowshoeDetector._generate_recommendation": {"executed_lines": [510, 511, 512, 513, 514, 515, 517], "summary": {"covered_lines": 7, "num_statements": 7, "percent_covered": 100.0, "percent_covered_display": "100", "missing_lines": 0, "excluded_lines": 0}, "missing_lines": [], "excluded_lines": []}, "SnowshoeDetector._empty_result": {"executed_lines": [528, 579, 580, 582], "summary": {"covered_lines": 4, "num_statements": 4, "percent_covered": 100.0, "percent_covered_display": "100", "missing_lines": 0, "excluded_lines": 0}, "missing_lines": [], "excluded_lines": []}, "": {"executed_lines": [1, 7, 9, 10, 11, 12, 13, 15, 16, 18, 20, 23, 24, 36, 69, 160, 217, 243, 265, 282, 314, 393, 427, 463, 494, 519], "summary": {"covered_lines": 24, "num_statements": 24, "percent_covered": 100.0, "percent_covered_display": "100", "missing_lines": 0, "excluded_lines": 0}, "missing_lines": [], "excluded_lines": []}}, "classes": {"SnowshoeDetector": {"executed_lines": [53, 54, 55, 56, 57, 59, 87, 88, 89, 91, 93, 95, 97, 98, 99, 102, 103, 104, 105, 108, 118, 121, 123, 145, 154, 169, 180, 182, 183, 184, 187, 188, 191, 199, 201, 202, 205, 208, 211, 212, 213, 215, 226, 227, 230, 231, 233, 234, 235, 236, 237, 238, 239, 241, 250, 253, 254, 255, 256, 258, 259, 260, 261, 262, 263, 274, 275, 291, 292, 294, 295, 297, 298, 299, 300, 302, 303, 304, 306, 325, 326, 327, 329, 330, 338, 339, 340, 341, 343, 352, 353, 354, 355, 357, 359, 360, 363, 364, 365, 367, 370, 371, 373, 375, 402, 403, 405, 406, 407, 409, 410, 411, 414, 416, 440, 441, 442, 444, 445, 448, 449, 452, 454, 472, 473, 474, 477, 480, 483, 486, 487, 490, 492, 510, 511, 512, 513, 514, 515, 517, 528, 579, 580, 582], "summary": {"covered_lines": 144, "num_statements": 157, "percent_covered": 91.71974522292993, "percent_covered_display": "92", "missing_lines": 13, "excluded_lines": 0}, "missing_lines": [156, 157, 158, 192, 193, 194, 195, 196, 251, 344, 384, 385, 386], "excluded_lines": []}, "": {"executed_lines": [1, 7, 9, 10, 11, 12, 13, 15, 16, 18, 20, 23, 24, 36, 69, 160, 217, 243, 265, 282, 314, 393, 427, 463, 494, 519], "summary": {"covered_lines": 24, "num_statements": 24, "percent_covered": 100.0, "percent_covered_display": "100", "missing_lines": 0, "excluded_lines": 0}, "missing_lines": [], "excluded_lines": []}}}, "cowrieprocessor/threat_detection/storage.py": {"executed_lines": [1, 3, 5, 6, 7, 8, 10, 11, 13, 19, 20, 22, 25, 46, 77, 221, 261, 464, 508, 564, 573, 574, 578, 579, 582, 583], "summary": {"covered_lines": 25, "num_statements": 207, "percent_covered": 12.077294685990339, "percent_covered_display": "12", "missing_lines": 182, "excluded_lines": 0}, "missing_lines": [34, 35, 36, 37, 38, 39, 40, 41, 43, 55, 56, 57, 58, 59, 62, 63, 65, 66, 68, 70, 72, 73, 74, 91, 93, 94, 95, 97, 99, 102, 103, 104, 106, 107, 108, 110, 112, 114, 115, 116, 127, 128, 129, 131, 132, 133, 135, 136, 139, 140, 141, 144, 145, 146, 147, 148, 150, 151, 154, 155, 156, 159, 160, 162, 163, 164, 165, 166, 167, 168, 169, 170, 171, 172, 175, 176, 177, 178, 179, 180, 181, 182, 183, 184, 186, 197, 198, 199, 202, 203, 206, 212, 213, 215, 217, 218, 233, 234, 236, 238, 240, 241, 242, 243, 250, 252, 253, 254, 255, 257, 258, 287, 288, 290, 315, 316, 317, 319, 322, 325, 326, 343, 344, 347, 348, 349, 352, 353, 369, 370, 373, 374, 394, 395, 398, 399, 414, 415, 418, 419, 434, 435, 438, 439, 442, 443, 444, 445, 446, 447, 448, 449, 450, 453, 454, 455, 457, 459, 460, 461, 477, 478, 479, 489, 490, 491, 501, 503, 504, 505, 528, 529, 531, 556, 557, 559, 560, 561, 575, 585, 586, 587], "excluded_lines": [], "functions": {"_serialize_for_json": {"executed_lines": [], "summary": {"covered_lines": 0, "num_statements": 9, "percent_covered": 0.0, "percent_covered_display": "0", "missing_lines": 9, "excluded_lines": 0}, "missing_lines": [34, 35, 36, 37, 38, 39, 40, 41, 43], "excluded_lines": []}, "_check_pgvector_available": {"executed_lines": [], "summary": {"covered_lines": 0, "num_statements": 14, "percent_covered": 0.0, "percent_covered_display": "0", "missing_lines": 14, "excluded_lines": 0}, "missing_lines": [55, 56, 57, 58, 59, 62, 63, 65, 66, 68, 70, 72, 73, 74], "excluded_lines": []}, "_store_command_vectors": {"executed_lines": [], "summary": {"covered_lines": 0, "num_statements": 73, "percent_covered": 0.0, "percent_covered_display": "0", "missing_lines": 73, "excluded_lines": 0}, "missing_lines": [91, 93, 94, 95, 97, 99, 102, 103, 104, 106, 107, 108, 110, 112, 114, 115, 116, 127, 128, 129, 131, 132, 133, 135, 136, 139, 140, 141, 144, 145, 146, 147, 148, 150, 151, 154, 155, 156, 159, 160, 162, 163, 164, 165, 166, 167, 168, 169, 170, 171, 172, 175, 176, 177, 178, 179, 180, 181, 182, 183, 184, 186, 197, 198, 199, 202, 203, 206, 212, 213, 215, 217, 218], "excluded_lines": []}, "_create_detection_sessions_links": {"executed_lines": [], "summary": {"covered_lines": 0, "num_statements": 15, "percent_covered": 0.0, "percent_covered_display": "0", "missing_lines": 15, "excluded_lines": 0}, "missing_lines": [233, 234, 236, 238, 240, 241, 242, 243, 250, 252, 253, 254, 255, 257, 258], "excluded_lines": []}, "store_longtail_analysis": {"executed_lines": [], "summary": {"covered_lines": 0, "num_statements": 49, "percent_covered": 0.0, "percent_covered_display": "0", "missing_lines": 49, "excluded_lines": 0}, "missing_lines": [287, 288, 290, 315, 316, 317, 319, 322, 325, 326, 343, 344, 347, 348, 349, 352, 353, 369, 370, 373, 374, 394, 395, 398, 399, 414, 415, 418, 419, 434, 435, 438, 439, 442, 443, 444, 445, 446, 447, 448, 449, 450, 453, 454, 455, 457, 459, 460, 461], "excluded_lines": []}, "get_analysis_checkpoint": {"executed_lines": [], "summary": {"covered_lines": 0, "num_statements": 10, "percent_covered": 0.0, "percent_covered_display": "0", "missing_lines": 10, "excluded_lines": 0}, "missing_lines": [477, 478, 479, 489, 490, 491, 501, 503, 504, 505], "excluded_lines": []}, "create_analysis_checkpoint": {"executed_lines": [], "summary": {"covered_lines": 0, "num_statements": 8, "percent_covered": 0.0, "percent_covered_display": "0", "missing_lines": 8, "excluded_lines": 0}, "missing_lines": [528, 529, 531, 556, 557, 559, 560, 561], "excluded_lines": []}, "compute_vocabulary_hash": {"executed_lines": [573, 574, 578, 579, 582, 583], "summary": {"covered_lines": 6, "num_statements": 10, "percent_covered": 60.0, "percent_covered_display": "60", "missing_lines": 4, "excluded_lines": 0}, "missing_lines": [575, 585, 586, 587], "excluded_lines": []}, "": {"executed_lines": [1, 3, 5, 6, 7, 8, 10, 11, 13, 19, 20, 22, 25, 46, 77, 221, 261, 464, 508, 564], "summary": {"covered_lines": 19, "num_statements": 19, "percent_covered": 100.0, "percent_covered_display": "100", "missing_lines": 0, "excluded_lines": 0}, "missing_lines": [], "excluded_lines": []}}, "classes": {"": {"executed_lines": [1, 3, 5, 6, 7, 8, 10, 11, 13, 19, 20, 22, 25, 46, 77, 221, 261, 464, 508, 564, 573, 574, 578, 579, 582, 583], "summary": {"covered_lines": 25, "num_statements": 207, "percent_covered": 12.077294685990339, "percent_covered_display": "12", "missing_lines": 182, "excluded_lines": 0}, "missing_lines": [34, 35, 36, 37, 38, 39, 40, 41, 43, 55, 56, 57, 58, 59, 62, 63, 65, 66, 68, 70, 72, 73, 74, 91, 93, 94, 95, 97, 99, 102, 103, 104, 106, 107, 108, 110, 112, 114, 115, 116, 127, 128, 129, 131, 132, 133, 135, 136, 139, 140, 141, 144, 145, 146, 147, 148, 150, 151, 154, 155, 156, 159, 160, 162, 163, 164, 165, 166, 167, 168, 169, 170, 171, 172, 175, 176, 177, 178, 179, 180, 181, 182, 183, 184, 186, 197, 198, 199, 202, 203, 206, 212, 213, 215, 217, 218, 233, 234, 236, 238, 240, 241, 242, 243, 250, 252, 253, 254, 255, 257, 258, 287, 288, 290, 315, 316, 317, 319, 322, 325, 326, 343, 344, 347, 348, 349, 352, 353, 369, 370, 373, 374, 394, 395, 398, 399, 414, 415, 418, 419, 434, 435, 438, 439, 442, 443, 444, 445, 446, 447, 448, 449, 450, 453, 454, 455, 457, 459, 460, 461, 477, 478, 479, 489, 490, 491, 501, 503, 504, 505, 528, 529, 531, 556, 557, 559, 560, 561, 575, 585, 586, 587], "excluded_lines": []}}}, "cowrieprocessor/utils/unicode_sanitizer.py": {"executed_lines": [1, 7, 8, 9, 10, 12, 15, 16, 20, 23, 26, 28, 29, 43, 44, 46, 47, 49, 51, 52, 53, 54, 55, 57, 60, 61, 62, 63, 64, 66, 68, 70, 71, 83, 87, 88, 90, 91, 92, 94, 97, 98, 100, 103, 107, 109, 110, 112, 113, 122, 123, 124, 125, 126, 128, 130, 132, 133, 142, 143, 146, 154, 157, 158, 160, 162, 163, 172, 173, 176, 184, 185, 187, 189, 190, 199, 203, 210, 212, 213, 222, 226, 259, 261, 262, 274, 275, 277, 278, 279, 280, 281, 282, 284, 287, 288, 293, 294, 297, 299, 302, 304, 307, 309], "summary": {"covered_lines": 102, "num_statements": 109, "percent_covered": 93.57798165137615, "percent_covered_display": "94", "missing_lines": 7, "excluded_lines": 0}, "missing_lines": [84, 104, 105, 200, 223, 289, 291], "excluded_lines": [], "functions": {"UnicodeSanitizer.sanitize_unicode_string": {"executed_lines": [43, 44, 46, 47, 49, 51, 57, 60, 61, 62, 63, 64, 66, 68], "summary": {"covered_lines": 14, "num_statements": 14, "percent_covered": 100.0, "percent_covered_display": "100", "missing_lines": 0, "excluded_lines": 0}, "missing_lines": [], "excluded_lines": []}, "UnicodeSanitizer.sanitize_unicode_string.replace_char": {"executed_lines": [52, 53, 54, 55], "summary": {"covered_lines": 4, "num_statements": 4, "percent_covered": 100.0, "percent_covered_display": "100", "missing_lines": 0, "excluded_lines": 0}, "missing_lines": [], "excluded_lines": []}, "UnicodeSanitizer.sanitize_json_string": {"executed_lines": [83, 87, 88, 90, 91, 92, 94, 97, 98, 100, 103, 107, 109, 110], "summary": {"covered_lines": 14, "num_statements": 17, "percent_covered": 82.3529411764706, "percent_covered_display": "82", "missing_lines": 3, "excluded_lines": 0}, "missing_lines": [84, 104, 105], "excluded_lines": []}, "UnicodeSanitizer._sanitize_json_object": {"executed_lines": [122, 123, 124, 125, 126, 128, 130], "summary": {"covered_lines": 7, "num_statements": 7, "percent_covered": 100.0, "percent_covered_display": "100", "missing_lines": 0, "excluded_lines": 0}, "missing_lines": [], "excluded_lines": []}, "UnicodeSanitizer.sanitize_filename": {"executed_lines": [142, 143, 146, 154, 157, 158, 160], "summary": {"covered_lines": 7, "num_statements": 7, "percent_covered": 100.0, "percent_covered_display": "100", "missing_lines": 0, "excluded_lines": 0}, "missing_lines": [], "excluded_lines": []}, "UnicodeSanitizer.sanitize_url": {"executed_lines": [172, 173, 176, 184, 185, 187], "summary": {"covered_lines": 6, "num_statements": 6, "percent_covered": 100.0, "percent_covered_display": "100", "missing_lines": 0, "excluded_lines": 0}, "missing_lines": [], "excluded_lines": []}, "UnicodeSanitizer.sanitize_command": {"executed_lines": [199, 203, 210], "summary": {"covered_lines": 3, "num_statements": 4, "percent_covered": 75.0, "percent_covered_display": "75", "missing_lines": 1, "excluded_lines": 0}, "missing_lines": [200], "excluded_lines": []}, "UnicodeSanitizer.is_safe_for_postgres_json": {"executed_lines": [222, 226, 259], "summary": {"covered_lines": 3, "num_statements": 4, "percent_covered": 75.0, "percent_covered_display": "75", "missing_lines": 1, "excluded_lines": 0}, "missing_lines": [223], "excluded_lines": []}, "UnicodeSanitizer.validate_and_sanitize_payload": {"executed_lines": [274, 275, 277, 278, 279, 280, 281, 282, 284, 287, 288, 293, 294], "summary": {"covered_lines": 13, "num_statements": 15, "percent_covered": 86.66666666666667, "percent_covered_display": "87", "missing_lines": 2, "excluded_lines": 0}, "missing_lines": [289, 291], "excluded_lines": []}, "sanitize_unicode_string": {"executed_lines": [299], "summary": {"covered_lines": 1, "num_statements": 1, "percent_covered": 100.0, "percent_covered_display": "100", "missing_lines": 0, "excluded_lines": 0}, "missing_lines": [], "excluded_lines": []}, "sanitize_json_payload": {"executed_lines": [304], "summary": {"covered_lines": 1, "num_statements": 1, "percent_covered": 100.0, "percent_covered_display": "100", "missing_lines": 0, "excluded_lines": 0}, "missing_lines": [], "excluded_lines": []}, "is_safe_for_database": {"executed_lines": [309], "summary": {"covered_lines": 1, "num_statements": 1, "percent_covered": 100.0, "percent_covered_display": "100", "missing_lines": 0, "excluded_lines": 0}, "missing_lines": [], "excluded_lines": []}, "": {"executed_lines": [1, 7, 8, 9, 10, 12, 15, 16, 20, 23, 26, 28, 29, 70, 71, 112, 113, 132, 133, 162, 163, 189, 190, 212, 213, 261, 262, 297, 302, 307], "summary": {"covered_lines": 28, "num_statements": 28, "percent_covered": 100.0, "percent_covered_display": "100", "missing_lines": 0, "excluded_lines": 0}, "missing_lines": [], "excluded_lines": []}}, "classes": {"UnicodeSanitizer": {"executed_lines": [43, 44, 46, 47, 49, 51, 52, 53, 54, 55, 57, 60, 61, 62, 63, 64, 66, 68, 83, 87, 88, 90, 91, 92, 94, 97, 98, 100, 103, 107, 109, 110, 122, 123, 124, 125, 126, 128, 130, 142, 143, 146, 154, 157, 158, 160, 172, 173, 176, 184, 185, 187, 199, 203, 210, 222, 226, 259, 274, 275, 277, 278, 279, 280, 281, 282, 284, 287, 288, 293, 294], "summary": {"covered_lines": 71, "num_statements": 78, "percent_covered": 91.02564102564102, "percent_covered_display": "91", "missing_lines": 7, "excluded_lines": 0}, "missing_lines": [84, 104, 105, 200, 223, 289, 291], "excluded_lines": []}, "": {"executed_lines": [1, 7, 8, 9, 10, 12, 15, 16, 20, 23, 26, 28, 29, 70, 71, 112, 113, 132, 133, 162, 163, 189, 190, 212, 213, 261, 262, 297, 299, 302, 304, 307, 309], "summary": {"covered_lines": 31, "num_statements": 31, "percent_covered": 100.0, "percent_covered_display": "100", "missing_lines": 0, "excluded_lines": 0}, "missing_lines": [], "excluded_lines": []}}}}, "totals": {"covered_lines": 4088, "num_statements": 10146, "percent_covered": 40.29174058742362, "percent_covered_display": "40", "missing_lines": 6058, "excluded_lines": 91}}